

HI-TECH Software PIC LITE Macro Assembler V9.80 build 6738 
                                                                                               Sun Apr 27 20:34:56 2025

HI-TECH Software Omniscient Code Generator (Lite mode) build 6738
     1  0000                     opt subtitle "HI-TECH Software Omniscient Code Generator (Lite mode) build 6738"
     2                           
     3                           opt pagewidth 120
     4                           
     5                           	opt lm
     6                           
     7                           	processor	16F877A
     8                           clrc	macro
     9                           	bcf	3,0
    10  0000                     	endm
    11                           clrz	macro
    12                           	bcf	3,2
    13  0000                     	endm
    14                           setc	macro
    15                           	bsf	3,0
    16  0000                     	endm
    17                           setz	macro
    18                           	bsf	3,2
    19  0000                     	endm
    20                           skipc	macro
    21                           	btfss	3,0
    22  0000                     	endm
    23                           skipz	macro
    24                           	btfss	3,2
    25  0000                     	endm
    26                           skipnc	macro
    27                           	btfsc	3,0
    28  0000                     	endm
    29                           skipnz	macro
    30                           	btfsc	3,2
    31  0000                     	endm
    32  0000                     indf	equ	0
    33  0000                     indf0	equ	0
    34  0002                     pc	equ	2
    35  0002                     pcl	equ	2
    36  0003                     status	equ	3
    37  0004                     fsr	equ	4
    38  0004                     fsr0	equ	4
    39  0001                     c	equ	1
    40  0000                     z	equ	0
    41  000A                     pclath	equ	10
    42                           	FNROOT	_main
    43                           	global	_PORTC
    44                           psect	maintext,global,class=CODE,delta=2
    45                           global __pmaintext
    46  07DB                     __pmaintext:
    47  0007                     _PORTC	set	7
    48                           	global	_PORTD
    49  0008                     _PORTD	set	8
    50                           	global	_SSPBUF
    51  0013                     _SSPBUF	set	19
    52                           	global	_SSPCON
    53  0014                     _SSPCON	set	20
    54                           	global	_RD0
    55  0040                     _RD0	set	64
    56                           	global	_SSPIF
    57  0063                     _SSPIF	set	99
    58                           	global	_SSPSTAT
    59  0094                     _SSPSTAT	set	148
    60                           	global	_TRISC
    61  0087                     _TRISC	set	135
    62                           	global	_TRISD0
    63  0440                     _TRISD0	set	1088
    64                           	file	"program.as"
    65                           	line	#
    66                           psect cinit,class=CODE,delta=2
    67                           global start_initialization
    68  07D7                     start_initialization:
    69                           
    70                           psect cinit,class=CODE,delta=2
    71                           global end_of_initialization
    72                           
    73                           ;End of C runtime variable initialization code
    74                           
    75  07D7                     end_of_initialization:
    76  07D7  0183               clrf status
    77  07D8  120A  118A  2FDB   ljmp _main	;jump to C main() function
    78                           psect	cstackCOMMON,class=COMMON,space=1
    79                           global __pcstackCOMMON
    80  0000                     __pcstackCOMMON:
    81                           	global	?_main
    82  0000                     ?_main:	; 0 bytes @ 0x0
    83                           	global	??_main
    84  0000                     ??_main:	; 0 bytes @ 0x0
    85 ;;Data sizes: Strings 0, constant 0, data 0, bss 0, persistent 0 stack 0
    86 ;;Auto spaces:   Size  Autos    Used
    87 ;; COMMON          14      0       0
    88 ;; BANK0           80      0       0
    89 ;; BANK1           80      0       0
    90 ;; BANK3           96      0       0
    91 ;; BANK2           96      0       0
    92                           
    93 ;;
    94 ;; Pointer list with targets:
    95                           
    96                           
    97                           
    98 ;;
    99 ;; Critical Paths under _main in COMMON
   100 ;;
   101 ;;   None.
   102 ;;
   103 ;; Critical Paths under _main in BANK0
   104 ;;
   105 ;;   None.
   106 ;;
   107 ;; Critical Paths under _main in BANK1
   108 ;;
   109 ;;   None.
   110 ;;
   111 ;; Critical Paths under _main in BANK3
   112 ;;
   113 ;;   None.
   114 ;;
   115 ;; Critical Paths under _main in BANK2
   116 ;;
   117 ;;   None.
   118                           
   119 ;;
   120 ;;Main: autosize = 0, tempsize = 0, incstack = 0, save=0
   121 ;;
   122                           
   123 ;;
   124 ;;Call Graph Tables:
   125 ;;
   126 ;; ---------------------------------------------------------------------------------
   127 ;; (Depth) Function   	        Calls       Base Space   Used Autos Params    Refs
   128 ;; ---------------------------------------------------------------------------------
   129 ;; (0) _main                                                 0     0      0       0
   130 ;; ---------------------------------------------------------------------------------
   131 ;; Estimated maximum stack depth 0
   132 ;; ---------------------------------------------------------------------------------
   133                           
   134 ;; Call Graph Graphs:
   135                           
   136 ;; _main (ROOT)
   137 ;;
   138                           
   139 ;; Address spaces:
   140                           
   141 ;;Name               Size   Autos  Total    Cost      Usage
   142 ;;BITCOMMON            E      0       0       0        0.0%
   143 ;;EEDATA             100      0       0       0        0.0%
   144 ;;NULL                 0      0       0       0        0.0%
   145 ;;CODE                 0      0       0       0        0.0%
   146 ;;COMMON               E      0       0       1        0.0%
   147 ;;BITSFR0              0      0       0       1        0.0%
   148 ;;SFR0                 0      0       0       1        0.0%
   149 ;;BITSFR1              0      0       0       2        0.0%
   150 ;;SFR1                 0      0       0       2        0.0%
   151 ;;STACK                0      0       0       2        0.0%
   152 ;;ABS                  0      0       0       3        0.0%
   153 ;;BITBANK0            50      0       0       4        0.0%
   154 ;;BITSFR3              0      0       0       4        0.0%
   155 ;;SFR3                 0      0       0       4        0.0%
   156 ;;BANK0               50      0       0       5        0.0%
   157 ;;BITSFR2              0      0       0       5        0.0%
   158 ;;SFR2                 0      0       0       5        0.0%
   159 ;;BITBANK1            50      0       0       6        0.0%
   160 ;;BANK1               50      0       0       7        0.0%
   161 ;;BITBANK3            60      0       0       8        0.0%
   162 ;;BANK3               60      0       0       9        0.0%
   163 ;;BITBANK2            60      0       0      10        0.0%
   164 ;;BANK2               60      0       0      11        0.0%
   165 ;;DATA                 0      0       0      12        0.0%
   166                           
   167                           	global	_main
   168                           psect	maintext
   169                           
   170 ;; *************** function _main *****************
   171 ;; Defined at:
   172 ;;		line 3 in file "D:\PIC16F877A Concepts\SPI using two pic TX\program.c"
   173 ;; Parameters:    Size  Location     Type
   174 ;;		None
   175 ;; Auto vars:     Size  Location     Type
   176 ;;		None
   177 ;; Return value:  Size  Location     Type
   178 ;;		None               void
   179 ;; Registers used:
   180 ;;		wreg, status,2
   181 ;; Tracked objects:
   182 ;;		On entry : 17F/0
   183 ;;		On exit  : 0/0
   184 ;;		Unchanged: 0/0
   185 ;; Data sizes:     COMMON   BANK0   BANK1   BANK3   BANK2
   186 ;;      Params:         0       0       0       0       0
   187 ;;      Locals:         0       0       0       0       0
   188 ;;      Temps:          0       0       0       0       0
   189 ;;      Totals:         0       0       0       0       0
   190 ;;Total ram usage:        0 bytes
   191 ;; This function calls:
   192 ;;		Nothing
   193 ;; This function is called by:
   194 ;;		Startup code after reset
   195 ;; This function uses a non-reentrant model
   196 ;;
   197                           psect	maintext
   198                           	file	"D:\PIC16F877A Concepts\SPI using two pic TX\program.c"
   199                           	line	3
   200                           	global	__size_of_main
   201  0025                     	__size_of_main	equ	__end_of_main-_main
   202                           	
   203  07DB                     _main:	
   204                           	opt	stack 8
   205                           ; Regs used in _main: [wreg+status,2]
   206                           	line	4
   207                           	
   208  07DB                     l935:	
   209                           ;program.c: 4: PORTC=0x00;
   210  07DB  1283               	bcf	status, 5	;RP0=0, select bank0
   211  07DC  1303               	bcf	status, 6	;RP1=0, select bank0
   212  07DD  0187               	clrf	(7)	;volatile
   213                           	line	5
   214                           	
   215  07DE                     l937:	
   216                           ;program.c: 5: TRISC=0x80;
   217  07DE  3080               	movlw	(080h)
   218  07DF  1683               	bsf	status, 5	;RP0=1, select bank1
   219  07E0  1303               	bcf	status, 6	;RP1=0, select bank1
   220  07E1  0087               	movwf	(135)^080h	;volatile
   221                           	line	6
   222                           	
   223  07E2                     l939:	
   224                           ;program.c: 6: PORTD=0x00;
   225  07E2  1283               	bcf	status, 5	;RP0=0, select bank0
   226  07E3  1303               	bcf	status, 6	;RP1=0, select bank0
   227  07E4  0188               	clrf	(8)	;volatile
   228                           	line	7
   229                           	
   230  07E5                     l941:	
   231                           ;program.c: 7: TRISD0=1;
   232  07E5  1683               	bsf	status, 5	;RP0=1, select bank1
   233  07E6  1303               	bcf	status, 6	;RP1=0, select bank1
   234  07E7  1408               	bsf	(1088/8)^080h,(1088)&7
   235                           	line	8
   236                           	
   237  07E8                     l943:	
   238                           ;program.c: 8: SSPSTAT=0x00;
   239  07E8  0194               	clrf	(148)^080h	;volatile
   240                           	line	9
   241                           	
   242  07E9                     l945:	
   243                           ;program.c: 9: SSPCON=0x20;
   244  07E9  3020               	movlw	(020h)
   245  07EA  1283               	bcf	status, 5	;RP0=0, select bank0
   246  07EB  1303               	bcf	status, 6	;RP1=0, select bank0
   247  07EC  0094               	movwf	(20)	;volatile
   248  07ED  2FEE               	goto	l947
   249                           	line	11
   250                           ;program.c: 11: while(1){
   251                           	
   252  07EE                     l559:	
   253                           	line	12
   254                           	
   255  07EE                     l947:	
   256                           ;program.c: 12: if(RD0==1){
   257  07EE  1C08               	btfss	(64/8),(64)&7
   258  07EF  2FF1               	goto	u11
   259  07F0  2FF2               	goto	u10
   260  07F1                     u11:
   261  07F1  2FEE               	goto	l947
   262  07F2                     u10:
   263                           	line	13
   264                           	
   265  07F2                     l949:	
   266                           ;program.c: 13: SSPBUF=0xAA;
   267  07F2  30AA               	movlw	(0AAh)
   268  07F3  0093               	movwf	(19)	;volatile
   269                           	line	14
   270                           ;program.c: 14: while(SSPIF==0);
   271  07F4  2FF5               	goto	l561
   272                           	
   273  07F5                     l562:	
   274                           	
   275  07F5                     l561:	
   276  07F5  1D8C               	btfss	(99/8),(99)&7
   277  07F6  2FF8               	goto	u21
   278  07F7  2FF9               	goto	u20
   279  07F8                     u21:
   280  07F8  2FF5               	goto	l561
   281  07F9                     u20:
   282                           	
   283  07F9                     l563:	
   284                           	line	15
   285                           ;program.c: 15: SSPIF=0;}}}
   286  07F9  118C               	bcf	(99/8),(99)&7
   287  07FA  2FEE               	goto	l947
   288                           	
   289  07FB                     l560:	
   290  07FB  2FEE               	goto	l947
   291                           	
   292  07FC                     l564:	
   293                           	line	11
   294  07FC  2FEE               	goto	l947
   295                           	
   296  07FD                     l565:	
   297                           	line	15
   298                           	
   299  07FD                     l566:	
   300                           	global	start
   301  07FD  120A  118A  2800   	ljmp	start
   302                           	opt stack 0
   303                           GLOBAL	__end_of_main
   304  0800                     	__end_of_main:
   305 ;; =============== function _main ends ============
   306                           
   307                           	signat	_main,88
   308                           psect	maintext
   309                           	global	btemp
   310  007E                     	btemp set 07Eh
   311                           
   312                           	DABS	1,126,2	;btemp
   313                           	global	wtemp0
   314  007E                     	wtemp0 set btemp


HI-TECH Software PICC Macro Assembler V9.80 build 6738 
Symbol Table                                                                                   Sun Apr 27 20:34:56 2025

                  u10 07F2                    u11 07F1                    u20 07F9                    u21 07F8  
                 l560 07FB                   l561 07F5                   l562 07F5                   l563 07F9  
                 l564 07FC                   l565 07FD                   l566 07FD                   l559 07EE  
                 l941 07E5                   l943 07E8                   l935 07DB                   l945 07E9  
                 l937 07DE                   l947 07EE                   l939 07E2                   l949 07F2  
                 _RD0 0040                  _main 07DB                  btemp 007E                  start 0000  
               ?_main 0000                 _PORTC 0007                 _PORTD 0008                 _TRISC 0087  
               _SSPIF 0063                 status 0003                 wtemp0 007E          __end_of_main 0800  
              ??_main 0000                _TRISD0 0440                _SSPCON 0014                _SSPBUF 0013  
      __pcstackCOMMON 0000            __pmaintext 07DB               _SSPSTAT 0094  end_of_initialization 07D7  
 start_initialization 07D7         __size_of_main 0025  
