

HI-TECH Software PIC LITE Macro Assembler V9.80 build 6738 
                                                                                               Sun Apr 27 20:36:08 2025

HI-TECH Software Omniscient Code Generator (Lite mode) build 6738
     1  0000                     opt subtitle "HI-TECH Software Omniscient Code Generator (Lite mode) build 6738"
     2                           
     3                           opt pagewidth 120
     4                           
     5                           	opt lm
     6                           
     7                           	processor	16F877A
     8                           clrc	macro
     9                           	bcf	3,0
    10  0000                     	endm
    11                           clrz	macro
    12                           	bcf	3,2
    13  0000                     	endm
    14                           setc	macro
    15                           	bsf	3,0
    16  0000                     	endm
    17                           setz	macro
    18                           	bsf	3,2
    19  0000                     	endm
    20                           skipc	macro
    21                           	btfss	3,0
    22  0000                     	endm
    23                           skipz	macro
    24                           	btfss	3,2
    25  0000                     	endm
    26                           skipnc	macro
    27                           	btfsc	3,0
    28  0000                     	endm
    29                           skipnz	macro
    30                           	btfsc	3,2
    31  0000                     	endm
    32  0000                     indf	equ	0
    33  0000                     indf0	equ	0
    34  0002                     pc	equ	2
    35  0002                     pcl	equ	2
    36  0003                     status	equ	3
    37  0004                     fsr	equ	4
    38  0004                     fsr0	equ	4
    39  0001                     c	equ	1
    40  0000                     z	equ	0
    41  000A                     pclath	equ	10
    42                           	FNROOT	_main
    43                           	global	_PORTC
    44                           psect	maintext,global,class=CODE,delta=2
    45                           global __pmaintext
    46  07E1                     __pmaintext:
    47  0007                     _PORTC	set	7
    48                           	global	_PORTD
    49  0008                     _PORTD	set	8
    50                           	global	_SSPBUF
    51  0013                     _SSPBUF	set	19
    52                           	global	_SSPCON
    53  0014                     _SSPCON	set	20
    54                           	global	_RD0
    55  0040                     _RD0	set	64
    56                           	global	_SSPSTAT
    57  0094                     _SSPSTAT	set	148
    58                           	global	_TRISC
    59  0087                     _TRISC	set	135
    60                           	global	_TRISD
    61  0088                     _TRISD	set	136
    62                           	file	"program.as"
    63                           	line	#
    64                           psect cinit,class=CODE,delta=2
    65                           global start_initialization
    66  07DD                     start_initialization:
    67                           
    68                           psect cinit,class=CODE,delta=2
    69                           global end_of_initialization
    70                           
    71                           ;End of C runtime variable initialization code
    72                           
    73  07DD                     end_of_initialization:
    74  07DD  0183               clrf status
    75  07DE  120A  118A  2FE1   ljmp _main	;jump to C main() function
    76                           psect	cstackCOMMON,class=COMMON,space=1
    77                           global __pcstackCOMMON
    78  0000                     __pcstackCOMMON:
    79                           	global	?_main
    80  0000                     ?_main:	; 0 bytes @ 0x0
    81                           	global	??_main
    82  0000                     ??_main:	; 0 bytes @ 0x0
    83 ;;Data sizes: Strings 0, constant 0, data 0, bss 0, persistent 0 stack 0
    84 ;;Auto spaces:   Size  Autos    Used
    85 ;; COMMON          14      0       0
    86 ;; BANK0           80      0       0
    87 ;; BANK1           80      0       0
    88 ;; BANK3           96      0       0
    89 ;; BANK2           96      0       0
    90                           
    91 ;;
    92 ;; Pointer list with targets:
    93                           
    94                           
    95                           
    96 ;;
    97 ;; Critical Paths under _main in COMMON
    98 ;;
    99 ;;   None.
   100 ;;
   101 ;; Critical Paths under _main in BANK0
   102 ;;
   103 ;;   None.
   104 ;;
   105 ;; Critical Paths under _main in BANK1
   106 ;;
   107 ;;   None.
   108 ;;
   109 ;; Critical Paths under _main in BANK3
   110 ;;
   111 ;;   None.
   112 ;;
   113 ;; Critical Paths under _main in BANK2
   114 ;;
   115 ;;   None.
   116                           
   117 ;;
   118 ;;Main: autosize = 0, tempsize = 0, incstack = 0, save=0
   119 ;;
   120                           
   121 ;;
   122 ;;Call Graph Tables:
   123 ;;
   124 ;; ---------------------------------------------------------------------------------
   125 ;; (Depth) Function   	        Calls       Base Space   Used Autos Params    Refs
   126 ;; ---------------------------------------------------------------------------------
   127 ;; (0) _main                                                 0     0      0       0
   128 ;; ---------------------------------------------------------------------------------
   129 ;; Estimated maximum stack depth 0
   130 ;; ---------------------------------------------------------------------------------
   131                           
   132 ;; Call Graph Graphs:
   133                           
   134 ;; _main (ROOT)
   135 ;;
   136                           
   137 ;; Address spaces:
   138                           
   139 ;;Name               Size   Autos  Total    Cost      Usage
   140 ;;BITCOMMON            E      0       0       0        0.0%
   141 ;;EEDATA             100      0       0       0        0.0%
   142 ;;NULL                 0      0       0       0        0.0%
   143 ;;CODE                 0      0       0       0        0.0%
   144 ;;COMMON               E      0       0       1        0.0%
   145 ;;BITSFR0              0      0       0       1        0.0%
   146 ;;SFR0                 0      0       0       1        0.0%
   147 ;;BITSFR1              0      0       0       2        0.0%
   148 ;;SFR1                 0      0       0       2        0.0%
   149 ;;STACK                0      0       0       2        0.0%
   150 ;;ABS                  0      0       0       3        0.0%
   151 ;;BITBANK0            50      0       0       4        0.0%
   152 ;;BITSFR3              0      0       0       4        0.0%
   153 ;;SFR3                 0      0       0       4        0.0%
   154 ;;BANK0               50      0       0       5        0.0%
   155 ;;BITSFR2              0      0       0       5        0.0%
   156 ;;SFR2                 0      0       0       5        0.0%
   157 ;;BITBANK1            50      0       0       6        0.0%
   158 ;;BANK1               50      0       0       7        0.0%
   159 ;;BITBANK3            60      0       0       8        0.0%
   160 ;;BANK3               60      0       0       9        0.0%
   161 ;;BITBANK2            60      0       0      10        0.0%
   162 ;;BANK2               60      0       0      11        0.0%
   163 ;;DATA                 0      0       0      12        0.0%
   164                           
   165                           	global	_main
   166                           psect	maintext
   167                           
   168 ;; *************** function _main *****************
   169 ;; Defined at:
   170 ;;		line 3 in file "D:\PIC16F877A Concepts\SPI using two pic RX\program.c"
   171 ;; Parameters:    Size  Location     Type
   172 ;;		None
   173 ;; Auto vars:     Size  Location     Type
   174 ;;		None
   175 ;; Return value:  Size  Location     Type
   176 ;;		None               void
   177 ;; Registers used:
   178 ;;		wreg, status,2
   179 ;; Tracked objects:
   180 ;;		On entry : 17F/0
   181 ;;		On exit  : 0/0
   182 ;;		Unchanged: 0/0
   183 ;; Data sizes:     COMMON   BANK0   BANK1   BANK3   BANK2
   184 ;;      Params:         0       0       0       0       0
   185 ;;      Locals:         0       0       0       0       0
   186 ;;      Temps:          0       0       0       0       0
   187 ;;      Totals:         0       0       0       0       0
   188 ;;Total ram usage:        0 bytes
   189 ;; This function calls:
   190 ;;		Nothing
   191 ;; This function is called by:
   192 ;;		Startup code after reset
   193 ;; This function uses a non-reentrant model
   194 ;;
   195                           psect	maintext
   196                           	file	"D:\PIC16F877A Concepts\SPI using two pic RX\program.c"
   197                           	line	3
   198                           	global	__size_of_main
   199  001F                     	__size_of_main	equ	__end_of_main-_main
   200                           	
   201  07E1                     _main:	
   202                           	opt	stack 8
   203                           ; Regs used in _main: [wreg+status,2]
   204                           	line	4
   205                           	
   206  07E1                     l932:	
   207                           ;program.c: 4: PORTD=0x00;
   208  07E1  1283               	bcf	status, 5	;RP0=0, select bank0
   209  07E2  1303               	bcf	status, 6	;RP1=0, select bank0
   210  07E3  0188               	clrf	(8)	;volatile
   211                           	line	5
   212                           ;program.c: 5: TRISD=0X00;
   213  07E4  1683               	bsf	status, 5	;RP0=1, select bank1
   214  07E5  1303               	bcf	status, 6	;RP1=0, select bank1
   215  07E6  0188               	clrf	(136)^080h	;volatile
   216                           	line	6
   217                           ;program.c: 6: PORTC=0x00;
   218  07E7  1283               	bcf	status, 5	;RP0=0, select bank0
   219  07E8  1303               	bcf	status, 6	;RP1=0, select bank0
   220  07E9  0187               	clrf	(7)	;volatile
   221                           	line	7
   222                           	
   223  07EA                     l934:	
   224                           ;program.c: 7: TRISC=0x38;
   225  07EA  3038               	movlw	(038h)
   226  07EB  1683               	bsf	status, 5	;RP0=1, select bank1
   227  07EC  1303               	bcf	status, 6	;RP1=0, select bank1
   228  07ED  0087               	movwf	(135)^080h	;volatile
   229                           	line	8
   230                           	
   231  07EE                     l936:	
   232                           ;program.c: 8: SSPSTAT=0x00;
   233  07EE  0194               	clrf	(148)^080h	;volatile
   234                           	line	9
   235                           ;program.c: 9: SSPCON=0x24;
   236  07EF  3024               	movlw	(024h)
   237  07F0  1283               	bcf	status, 5	;RP0=0, select bank0
   238  07F1  1303               	bcf	status, 6	;RP1=0, select bank0
   239  07F2  0094               	movwf	(20)	;volatile
   240                           	line	10
   241                           ;program.c: 10: while(1){
   242                           	
   243  07F3                     l559:	
   244                           	line	11
   245                           ;program.c: 11: if(SSPBUF==0xAA){
   246  07F3  0813               	movf	(19),w	;volatile
   247  07F4  3AAA               	xorlw	0AAh
   248  07F5  1D03               	skipz
   249  07F6  2FF8               	goto	u11
   250  07F7  2FF9               	goto	u10
   251  07F8                     u11:
   252  07F8  2FF3               	goto	l559
   253  07F9                     u10:
   254                           	line	12
   255                           	
   256  07F9                     l938:	
   257                           ;program.c: 12: RD0=1;}}}
   258  07F9  1408               	bsf	(64/8),(64)&7
   259  07FA  2FF3               	goto	l559
   260                           	
   261  07FB                     l560:	
   262  07FB  2FF3               	goto	l559
   263                           	
   264  07FC                     l561:	
   265                           	line	10
   266  07FC  2FF3               	goto	l559
   267                           	
   268  07FD                     l562:	
   269                           	line	12
   270                           	
   271  07FD                     l563:	
   272                           	global	start
   273  07FD  120A  118A  2800   	ljmp	start
   274                           	opt stack 0
   275                           GLOBAL	__end_of_main
   276  0800                     	__end_of_main:
   277 ;; =============== function _main ends ============
   278                           
   279                           	signat	_main,88
   280                           psect	maintext
   281                           	global	btemp
   282  007E                     	btemp set 07Eh
   283                           
   284                           	DABS	1,126,2	;btemp
   285                           	global	wtemp0
   286  007E                     	wtemp0 set btemp


HI-TECH Software PICC Macro Assembler V9.80 build 6738 
Symbol Table                                                                                   Sun Apr 27 20:36:08 2025

                  u10 07F9                    u11 07F8                   l560 07FB                   l561 07FC  
                 l562 07FD                   l563 07FD                   l559 07F3                   l932 07E1  
                 l934 07EA                   l936 07EE                   l938 07F9                   _RD0 0040  
                _main 07E1                  btemp 007E                  start 0000                 ?_main 0000  
               _PORTC 0007                 _PORTD 0008                 _TRISC 0087                 _TRISD 0088  
               status 0003                 wtemp0 007E          __end_of_main 0800                ??_main 0000  
              _SSPCON 0014                _SSPBUF 0013        __pcstackCOMMON 0000            __pmaintext 07E1  
             _SSPSTAT 0094  end_of_initialization 07DD   start_initialization 07DD         __size_of_main 001F  
