

HI-TECH Software PIC LITE Macro Assembler V9.80 build 6738 
                                                                                               Mon Feb 17 16:00:02 2025

HI-TECH Software Omniscient Code Generator (Lite mode) build 6738
     1  0000                     opt subtitle "HI-TECH Software Omniscient Code Generator (Lite mode) build 6738"
     2                           
     3                           opt pagewidth 120
     4                           
     5                           	opt lm
     6                           
     7                           	processor	16F877A
     8                           clrc	macro
     9                           	bcf	3,0
    10  0000                     	endm
    11                           clrz	macro
    12                           	bcf	3,2
    13  0000                     	endm
    14                           setc	macro
    15                           	bsf	3,0
    16  0000                     	endm
    17                           setz	macro
    18                           	bsf	3,2
    19  0000                     	endm
    20                           skipc	macro
    21                           	btfss	3,0
    22  0000                     	endm
    23                           skipz	macro
    24                           	btfss	3,2
    25  0000                     	endm
    26                           skipnc	macro
    27                           	btfsc	3,0
    28  0000                     	endm
    29                           skipnz	macro
    30                           	btfsc	3,2
    31  0000                     	endm
    32  0000                     indf	equ	0
    33  0000                     indf0	equ	0
    34  0002                     pc	equ	2
    35  0002                     pcl	equ	2
    36  0003                     status	equ	3
    37  0004                     fsr	equ	4
    38  0004                     fsr0	equ	4
    39  0001                     c	equ	1
    40  0000                     z	equ	0
    41  000A                     pclath	equ	10
    42                           # 3 "D:\PIC16F877A Concepts\7seg CC\program.c"
    43                           	psect config,class=CONFIG,delta=2 ;#
    44                           # 3 "D:\PIC16F877A Concepts\7seg CC\program.c"
    45  2007  3F3A               	dw 0X3F3A ;#
    46                           	FNROOT	_main
    47                           	global	main@F512
    48                           psect	idataBANK0,class=CODE,space=0,delta=2
    49                           global __pidataBANK0
    50  0785                     __pidataBANK0:
    51                           	file	"D:\PIC16F877A Concepts\7seg CC\program.c"
    52                           	line	6
    53                           
    54                           ;initializer for main@F512
    55  0785  343F               	retlw	03Fh
    56  0786  3406               	retlw	06h
    57  0787  345B               	retlw	05Bh
    58  0788  344F               	retlw	04Fh
    59  0789  3466               	retlw	066h
    60  078A  346D               	retlw	06Dh
    61  078B  347D               	retlw	07Dh
    62  078C  3407               	retlw	07h
    63  078D  347F               	retlw	07Fh
    64  078E  346F               	retlw	06Fh
    65                           	global	_PORTD
    66  0008                     _PORTD	set	8
    67                           	global	_TRISD
    68  0088                     _TRISD	set	136
    69                           	file	"program.as"
    70                           	line	#
    71                           psect cinit,class=CODE,delta=2
    72                           global start_initialization
    73  07A0                     start_initialization:
    74                           
    75                           psect	dataBANK0,class=BANK0,space=1
    76                           global __pdataBANK0
    77  002B                     __pdataBANK0:
    78                           	file	"D:\PIC16F877A Concepts\7seg CC\program.c"
    79  002B                     main@F512:
    80  002B                            ds      10
    81                           
    82                           global btemp
    83                           psect inittext,class=CODE,delta=2
    84                           global init_fetch,btemp
    85                           ;	Called with low address in FSR and high address in W
    86  078F                     init_fetch:
    87  078F  087E               	movf btemp,w
    88  0790  008A               	movwf pclath
    89  0791  087F               	movf btemp+1,w
    90  0792  0082               	movwf pc
    91                           global init_ram
    92                           ;Called with:
    93                           ;	high address of idata address in btemp 
    94                           ;	low address of idata address in btemp+1 
    95                           ;	low address of data in FSR
    96                           ;	high address + 1 of data in btemp-1
    97  0793                     init_ram:
    98  0793  278F  120A  118A   	fcall init_fetch
    99  0796  0080               	movwf indf,f
   100  0797  0A84               	incf fsr,f
   101  0798  0804               	movf fsr,w
   102  0799  067D               	xorwf btemp-1,w
   103  079A  1903               	btfsc status,2
   104  079B  3400               	retlw 0
   105  079C  0AFF               	incf btemp+1,f
   106  079D  1903               	btfsc status,2
   107  079E  0AFE               	incf btemp,f
   108  079F  2F93               	goto init_ram
   109                           ; Initialize objects allocated to BANK0
   110                           psect cinit,class=CODE,delta=2
   111                           global init_ram, __pidataBANK0
   112  07A0  1383               	bcf	status, 7	;select IRP bank0
   113  07A1  3035               	movlw low(__pdataBANK0+10)
   114  07A2  00FD               	movwf btemp-1,f
   115  07A3  3007               	movlw high(__pidataBANK0)
   116  07A4  00FE               	movwf btemp,f
   117  07A5  3085               	movlw low(__pidataBANK0)
   118  07A6  00FF               	movwf btemp+1,f
   119  07A7  302B               	movlw low(__pdataBANK0)
   120  07A8  0084               	movwf fsr,f
   121  07A9  120A  118A  2793   	fcall init_ram
              120A  118A         
   122                           psect cinit,class=CODE,delta=2
   123                           global end_of_initialization
   124                           
   125                           ;End of C runtime variable initialization code
   126                           
   127  07AE                     end_of_initialization:
   128  07AE  0183               clrf status
   129  07AF  120A  118A  2FB2   ljmp _main	;jump to C main() function
   130                           psect	cstackCOMMON,class=COMMON,space=1
   131                           global __pcstackCOMMON
   132  0070                     __pcstackCOMMON:
   133                           	global	?_main
   134  0070                     ?_main:	; 0 bytes @ 0x0
   135                           	global	??_main
   136  0070                     ??_main:	; 0 bytes @ 0x0
   137  0070                     	ds	4
   138                           psect	cstackBANK0,class=BANK0,space=1
   139                           global __pcstackBANK0
   140  0020                     __pcstackBANK0:
   141                           	global	main@RD
   142  0020                     main@RD:	; 10 bytes @ 0x0
   143  0020                     	ds	10
   144                           	global	main@x
   145  002A                     main@x:	; 1 bytes @ 0xA
   146  002A                     	ds	1
   147 ;;Data sizes: Strings 0, constant 0, data 10, bss 0, persistent 0 stack 0
   148 ;;Auto spaces:   Size  Autos    Used
   149 ;; COMMON          14      4       4
   150 ;; BANK0           80     11      21
   151 ;; BANK1           80      0       0
   152 ;; BANK3           96      0       0
   153 ;; BANK2           96      0       0
   154                           
   155 ;;
   156 ;; Pointer list with targets:
   157                           
   158                           
   159                           
   160 ;;
   161 ;; Critical Paths under _main in COMMON
   162 ;;
   163 ;;   None.
   164 ;;
   165 ;; Critical Paths under _main in BANK0
   166 ;;
   167 ;;   None.
   168 ;;
   169 ;; Critical Paths under _main in BANK1
   170 ;;
   171 ;;   None.
   172 ;;
   173 ;; Critical Paths under _main in BANK3
   174 ;;
   175 ;;   None.
   176 ;;
   177 ;; Critical Paths under _main in BANK2
   178 ;;
   179 ;;   None.
   180                           
   181 ;;
   182 ;;Main: autosize = 0, tempsize = 4, incstack = 0, save=0
   183 ;;
   184                           
   185 ;;
   186 ;;Call Graph Tables:
   187 ;;
   188 ;; ---------------------------------------------------------------------------------
   189 ;; (Depth) Function   	        Calls       Base Space   Used Autos Params    Refs
   190 ;; ---------------------------------------------------------------------------------
   191 ;; (0) _main                                                17    17      0      92
   192 ;;                                              0 COMMON     4     4      0
   193 ;;                                              0 BANK0     11    11      0
   194 ;; ---------------------------------------------------------------------------------
   195 ;; Estimated maximum stack depth 0
   196 ;; ---------------------------------------------------------------------------------
   197                           
   198 ;; Call Graph Graphs:
   199                           
   200 ;; _main (ROOT)
   201 ;;
   202                           
   203 ;; Address spaces:
   204                           
   205 ;;Name               Size   Autos  Total    Cost      Usage
   206 ;;BANK3               60      0       0       9        0.0%
   207 ;;BITBANK3            60      0       0       8        0.0%
   208 ;;SFR3                 0      0       0       4        0.0%
   209 ;;BITSFR3              0      0       0       4        0.0%
   210 ;;BANK2               60      0       0      11        0.0%
   211 ;;BITBANK2            60      0       0      10        0.0%
   212 ;;SFR2                 0      0       0       5        0.0%
   213 ;;BITSFR2              0      0       0       5        0.0%
   214 ;;SFR1                 0      0       0       2        0.0%
   215 ;;BITSFR1              0      0       0       2        0.0%
   216 ;;BANK1               50      0       0       7        0.0%
   217 ;;BITBANK1            50      0       0       6        0.0%
   218 ;;CODE                 0      0       0       0        0.0%
   219 ;;DATA                 0      0      19      12        0.0%
   220 ;;ABS                  0      0      19       3        0.0%
   221 ;;NULL                 0      0       0       0        0.0%
   222 ;;STACK                0      0       0       2        0.0%
   223 ;;BANK0               50      B      15       5       26.3%
   224 ;;BITBANK0            50      0       0       4        0.0%
   225 ;;SFR0                 0      0       0       1        0.0%
   226 ;;BITSFR0              0      0       0       1        0.0%
   227 ;;COMMON               E      4       4       1       28.6%
   228 ;;BITCOMMON            E      0       0       0        0.0%
   229 ;;EEDATA             100      0       0       0        0.0%
   230                           
   231                           	global	_main
   232                           psect	maintext,global,class=CODE,delta=2
   233                           global __pmaintext
   234  07B2                     __pmaintext:
   235                           
   236 ;; *************** function _main *****************
   237 ;; Defined at:
   238 ;;		line 5 in file "D:\PIC16F877A Concepts\7seg CC\program.c"
   239 ;; Parameters:    Size  Location     Type
   240 ;;		None
   241 ;; Auto vars:     Size  Location     Type
   242 ;;  RD             10    0[BANK0 ] unsigned char [10]
   243 ;;  i               2    0        unsigned int 
   244 ;;  x               1   10[BANK0 ] unsigned char 
   245 ;; Return value:  Size  Location     Type
   246 ;;		None               void
   247 ;; Registers used:
   248 ;;		wreg, fsr0l, fsr0h, status,2, status,0
   249 ;; Tracked objects:
   250 ;;		On entry : 17F/0
   251 ;;		On exit  : 0/0
   252 ;;		Unchanged: 0/0
   253 ;; Data sizes:     COMMON   BANK0   BANK1   BANK3   BANK2
   254 ;;      Params:         0       0       0       0       0
   255 ;;      Locals:         0      11       0       0       0
   256 ;;      Temps:          4       0       0       0       0
   257 ;;      Totals:         4      11       0       0       0
   258 ;;Total ram usage:       15 bytes
   259 ;; This function calls:
   260 ;;		Nothing
   261 ;; This function is called by:
   262 ;;		Startup code after reset
   263 ;; This function uses a non-reentrant model
   264 ;;
   265                           psect	maintext
   266                           	file	"D:\PIC16F877A Concepts\7seg CC\program.c"
   267                           	line	5
   268                           	global	__size_of_main
   269  004E                     	__size_of_main	equ	__end_of_main-_main
   270                           	
   271  07B2                     _main:	
   272                           	opt	stack 8
   273                           ; Regs used in _main: [wreg-fsr0h+status,2+status,0]
   274                           	line	6
   275                           	
   276  07B2                     l1743:	
   277                           ;program.c: 6: unsigned char RD[10]={0x3F,0x06,0x5B,0x4F,0x66,0x6D,0x7D,0x07,0x7F,0x6F};
   278  07B2  3020               	movlw	(main@RD)&0ffh
   279  07B3  0084               	movwf	fsr0
   280  07B4  302B               	movlw	low(main@F512)
   281  07B5  00F0               	movwf	(??_main+0)+0
   282  07B6  0804               	movf	fsr0,w
   283  07B7  00F1               	movwf	((??_main+0)+0+1)
   284  07B8  300A               	movlw	10
   285  07B9  00F2               	movwf	((??_main+0)+0+2)
   286  07BA                     u2170:
   287  07BA  0870               	movf	(??_main+0)+0,w
   288  07BB  0084               	movwf	fsr0
   289  07BC  1383               	bcf	status, 7	;select IRP bank0
   290                           	
   291  07BD  0800               	movf	indf,w
   292  07BE  00F3               	movwf	((??_main+0)+0+3)
   293  07BF  0AF0               	incf	(??_main+0)+0,f
   294  07C0  0871               	movf	((??_main+0)+0+1),w
   295  07C1  0084               	movwf	fsr0
   296                           	
   297  07C2  0873               	movf	((??_main+0)+0+3),w
   298  07C3  0080               	movwf	indf
   299  07C4  0AF1               	incf	((??_main+0)+0+1),f
   300  07C5  0BF2               	decfsz	((??_main+0)+0+2),f
   301  07C6  2FBA               	goto	u2170
   302                           	line	9
   303                           	
   304  07C7                     l1745:	
   305                           ;program.c: 7: unsigned char x;
   306                           ;program.c: 8: unsigned int i;
   307                           ;program.c: 9: PORTD=0x00;
   308  07C7  1283               	bcf	status, 5	;RP0=0, select bank0
   309  07C8  1303               	bcf	status, 6	;RP1=0, select bank0
   310  07C9  0188               	clrf	(8)	;volatile
   311                           	line	10
   312                           	
   313  07CA                     l1747:	
   314                           ;program.c: 10: TRISD=0x00;
   315  07CA  1683               	bsf	status, 5	;RP0=1, select bank1
   316  07CB  1303               	bcf	status, 6	;RP1=0, select bank1
   317  07CC  0188               	clrf	(136)^080h	;volatile
   318  07CD  2FCE               	goto	l1749
   319                           	line	11
   320                           ;program.c: 11: while(1){
   321                           	
   322  07CE                     l563:	
   323                           	line	12
   324                           	
   325  07CE                     l1749:	
   326                           ;program.c: 12: for(x=0;x<10;x++){
   327  07CE  1003               	clrc
   328  07CF  3000               	movlw	0
   329  07D0  1803               	btfsc	status,0
   330  07D1  3001               	movlw	1
   331  07D2  1283               	bcf	status, 5	;RP0=0, select bank0
   332  07D3  00AA               	movwf	(main@x)
   333                           	
   334  07D4                     l1751:	
   335  07D4  300A               	movlw	(0Ah)
   336  07D5  022A               	subwf	(main@x),w
   337  07D6  1C03               	skipc
   338  07D7  2FD9               	goto	u2181
   339  07D8  2FDA               	goto	u2180
   340  07D9                     u2181:
   341  07D9  2FDC               	goto	l1755
   342  07DA                     u2180:
   343  07DA  2FCE               	goto	l1749
   344                           	
   345  07DB                     l1753:	
   346  07DB  2FCE               	goto	l1749
   347                           	
   348  07DC                     l564:	
   349                           	line	13
   350                           	
   351  07DC                     l1755:	
   352                           ;program.c: 13: PORTD=RD[x];
   353  07DC  082A               	movf	(main@x),w
   354  07DD  3E20               	addlw	main@RD&0ffh
   355  07DE  0084               	movwf	fsr0
   356  07DF  1383               	bcf	status, 7	;select IRP bank0
   357  07E0  0800               	movf	indf,w
   358  07E1  0088               	movwf	(8)	;volatile
   359                           	line	14
   360                           	
   361  07E2                     l1757:	
   362                           ;program.c: 14: _delay((unsigned long)((1000)*(20000000/4000.0)));
   363                           	opt asmopt_off
   364  07E2  301A               movlw  26
   365  07E3  00F2               movwf	((??_main+0)+0+2),f
   366  07E4  3045               movlw	69
   367  07E5  00F1               movwf	((??_main+0)+0+1),f
   368  07E6  307E               	movlw	126
   369  07E7  00F0               movwf	((??_main+0)+0),f
   370  07E8                     u2207:
   371  07E8  0BF0               	decfsz	((??_main+0)+0),f
   372  07E9  2FE8               	goto	u2207
   373  07EA  0BF1               	decfsz	((??_main+0)+0+1),f
   374  07EB  2FE8               	goto	u2207
   375  07EC  0BF2               	decfsz	((??_main+0)+0+2),f
   376  07ED  2FE8               	goto	u2207
   377                           opt asmopt_on
   378                           
   379                           	line	12
   380                           	
   381  07EE                     l1759:	
   382  07EE  3001               	movlw	(01h)
   383  07EF  00F0               	movwf	(??_main+0)+0
   384  07F0  0870               	movf	(??_main+0)+0,w
   385  07F1  1283               	bcf	status, 5	;RP0=0, select bank0
   386  07F2  1303               	bcf	status, 6	;RP1=0, select bank0
   387  07F3  07AA               	addwf	(main@x),f
   388                           	
   389  07F4                     l1761:	
   390  07F4  300A               	movlw	(0Ah)
   391  07F5  022A               	subwf	(main@x),w
   392  07F6  1C03               	skipc
   393  07F7  2FF9               	goto	u2191
   394  07F8  2FFA               	goto	u2190
   395  07F9                     u2191:
   396  07F9  2FDC               	goto	l1755
   397  07FA                     u2190:
   398  07FA  2FCE               	goto	l1749
   399                           	
   400  07FB                     l565:	
   401  07FB  2FCE               	goto	l1749
   402                           	line	16
   403                           	
   404  07FC                     l566:	
   405                           	line	11
   406  07FC  2FCE               	goto	l1749
   407                           	
   408  07FD                     l567:	
   409                           	line	17
   410                           	
   411  07FD                     l568:	
   412                           	global	start
   413  07FD  120A  118A  2800   	ljmp	start
   414                           	opt stack 0
   415                           GLOBAL	__end_of_main
   416  0800                     	__end_of_main:
   417 ;; =============== function _main ends ============
   418                           
   419                           	signat	_main,88
   420                           psect	maintext
   421                           	global	btemp
   422  007E                     	btemp set 07Eh
   423                           
   424                           	DABS	1,126,2	;btemp
   425                           	global	wtemp0
   426  007E                     	wtemp0 set btemp


HI-TECH Software PICC Macro Assembler V9.80 build 6738 
Symbol Table                                                                                   Mon Feb 17 16:00:02 2025

                   pc 0002                    fsr 0004                   l563 07CE                   l564 07DC  
                 l565 07FB                   l566 07FC                   l567 07FD                   l568 07FD  
                 fsr0 0004                   indf 0000                  l1751 07D4                  l1743 07B2  
                l1761 07F4                  l1753 07DB                  l1745 07C7                  l1755 07DC  
                l1747 07CA                  l1757 07E2                  l1749 07CE                  l1759 07EE  
                u2207 07E8                  u2170 07BA                  u2180 07DA                  u2181 07D9  
                u2190 07FA                  u2191 07F9                  _main 07B2                  btemp 007E  
                start 0000                 ?_main 0070                 _PORTD 0008                 _TRISD 0088  
               main@x 002A                 pclath 000A                 status 0003                 wtemp0 007E  
        __end_of_main 0800                ??_main 0070                main@RD 0020        __pcstackCOMMON 0070  
        __pidataBANK0 0785            __pmaintext 07B2  end_of_initialization 07AE               init_ram 0793  
 start_initialization 07A0           __pdataBANK0 002B         __pcstackBANK0 0020             init_fetch 078F  
       __size_of_main 004E              main@F512 002B  
