

HI-TECH Software PIC LITE Macro Assembler V9.80 build 6738 
                                                                                               Sun Mar 23 18:13:15 2025

HI-TECH Software Omniscient Code Generator (Lite mode) build 6738
     1  0000                     opt subtitle "HI-TECH Software Omniscient Code Generator (Lite mode) build 6738"
     2                           
     3                           opt pagewidth 120
     4                           
     5                           	opt lm
     6                           
     7                           	processor	16F877A
     8                           clrc	macro
     9                           	bcf	3,0
    10  0000                     	endm
    11                           clrz	macro
    12                           	bcf	3,2
    13  0000                     	endm
    14                           setc	macro
    15                           	bsf	3,0
    16  0000                     	endm
    17                           setz	macro
    18                           	bsf	3,2
    19  0000                     	endm
    20                           skipc	macro
    21                           	btfss	3,0
    22  0000                     	endm
    23                           skipz	macro
    24                           	btfss	3,2
    25  0000                     	endm
    26                           skipnc	macro
    27                           	btfsc	3,0
    28  0000                     	endm
    29                           skipnz	macro
    30                           	btfsc	3,2
    31  0000                     	endm
    32  0000                     indf	equ	0
    33  0000                     indf0	equ	0
    34  0002                     pc	equ	2
    35  0002                     pcl	equ	2
    36  0003                     status	equ	3
    37  0004                     fsr	equ	4
    38  0004                     fsr0	equ	4
    39  0001                     c	equ	1
    40  0000                     z	equ	0
    41  000A                     pclath	equ	10
    42                           	FNCALL	_main,_cmd
    43                           	FNCALL	_main,_I2C_INIT
    44                           	FNCALL	_main,_I2C_WRITE
    45                           	FNCALL	_main,_I2C_READ
    46                           	FNCALL	_I2C_READ,_dis
    47                           	FNROOT	_main
    48                           	global	_PORTB
    49                           psect	text170,local,class=CODE,delta=2
    50                           global __ptext170
    51  0000                     __ptext170:
    52  0006                     _PORTB	set	6
    53                           	global	_PORTC
    54  0007                     _PORTC	set	7
    55                           	global	_PORTD
    56  0008                     _PORTD	set	8
    57                           	global	_RCSTA
    58  0018                     _RCSTA	set	24
    59                           	global	_SSPBUF
    60  0013                     _SSPBUF	set	19
    61                           	global	_SSPCON
    62  0014                     _SSPCON	set	20
    63                           	global	_TXREG
    64  0019                     _TXREG	set	25
    65                           	global	_RB0
    66  0030                     _RB0	set	48
    67                           	global	_RB1
    68  0031                     _RB1	set	49
    69                           	global	_RB2
    70  0032                     _RB2	set	50
    71                           	global	_SSPIF
    72  0063                     _SSPIF	set	99
    73                           	global	_SPBRG
    74  0099                     _SPBRG	set	153
    75                           	global	_SSPADD
    76  0093                     _SSPADD	set	147
    77                           	global	_SSPCON2
    78  0091                     _SSPCON2	set	145
    79                           	global	_SSPSTAT
    80  0094                     _SSPSTAT	set	148
    81                           	global	_TRISB
    82  0086                     _TRISB	set	134
    83                           	global	_TRISD
    84  0088                     _TRISD	set	136
    85                           	global	_TXSTA
    86  0098                     _TXSTA	set	152
    87                           	global	_ACKDT
    88  048D                     _ACKDT	set	1165
    89                           	global	_ACKEN
    90  048C                     _ACKEN	set	1164
    91                           	global	_PEN
    92  048A                     _PEN	set	1162
    93                           	global	_RCEN
    94  048B                     _RCEN	set	1163
    95                           	global	_RSEN
    96  0489                     _RSEN	set	1161
    97                           	global	_SEN
    98  0488                     _SEN	set	1160
    99                           	file	"program.as"
   100                           	line	#
   101                           psect cinit,class=CODE,delta=2
   102                           global start_initialization
   103  059E                     start_initialization:
   104                           
   105                           psect cinit,class=CODE,delta=2
   106                           global end_of_initialization
   107                           
   108                           ;End of C runtime variable initialization code
   109                           
   110  059E                     end_of_initialization:
   111  059E  0183               clrf status
   112  059F  120A  118A  2E85   ljmp _main	;jump to C main() function
   113                           psect	cstackCOMMON,class=COMMON,space=1
   114                           global __pcstackCOMMON
   115  0070                     __pcstackCOMMON:
   116                           	global	?_cmd
   117  0070                     ?_cmd:	; 0 bytes @ 0x0
   118                           	global	??_cmd
   119  0070                     ??_cmd:	; 0 bytes @ 0x0
   120                           	global	?_I2C_INIT
   121  0070                     ?_I2C_INIT:	; 0 bytes @ 0x0
   122                           	global	??_I2C_INIT
   123  0070                     ??_I2C_INIT:	; 0 bytes @ 0x0
   124                           	global	?_I2C_WRITE
   125  0070                     ?_I2C_WRITE:	; 0 bytes @ 0x0
   126                           	global	?_main
   127  0070                     ?_main:	; 0 bytes @ 0x0
   128                           	global	?_dis
   129  0070                     ?_dis:	; 0 bytes @ 0x0
   130                           	global	dis@dat
   131  0070                     dis@dat:	; 2 bytes @ 0x0
   132                           	global	I2C_WRITE@high
   133  0070                     I2C_WRITE@high:	; 2 bytes @ 0x0
   134  0070                     	ds	2
   135                           	global	??_dis
   136  0072                     ??_dis:	; 0 bytes @ 0x2
   137                           	global	cmd@a
   138  0072                     cmd@a:	; 1 bytes @ 0x2
   139                           	global	I2C_WRITE@low
   140  0072                     I2C_WRITE@low:	; 2 bytes @ 0x2
   141  0072                     	ds	2
   142                           	global	?_I2C_READ
   143  0074                     ?_I2C_READ:	; 0 bytes @ 0x4
   144                           	global	I2C_WRITE@data
   145  0074                     I2C_WRITE@data:	; 2 bytes @ 0x4
   146                           	global	I2C_READ@high
   147  0074                     I2C_READ@high:	; 2 bytes @ 0x4
   148  0074                     	ds	2
   149                           	global	??_I2C_WRITE
   150  0076                     ??_I2C_WRITE:	; 0 bytes @ 0x6
   151                           	global	I2C_READ@low
   152  0076                     I2C_READ@low:	; 2 bytes @ 0x6
   153  0076                     	ds	2
   154                           	global	??_I2C_READ
   155  0078                     ??_I2C_READ:	; 0 bytes @ 0x8
   156  0078                     	ds	2
   157                           	global	I2C_READ@data
   158  007A                     I2C_READ@data:	; 2 bytes @ 0xA
   159  007A                     	ds	2
   160                           psect	cstackBANK0,class=BANK0,space=1
   161                           global __pcstackBANK0
   162  0020                     __pcstackBANK0:
   163                           	global	??_main
   164  0020                     ??_main:	; 0 bytes @ 0x0
   165  0020                     	ds	3
   166 ;;Data sizes: Strings 0, constant 0, data 0, bss 0, persistent 0 stack 0
   167 ;;Auto spaces:   Size  Autos    Used
   168 ;; COMMON          14     12      12
   169 ;; BANK0           80      3       3
   170 ;; BANK1           80      0       0
   171 ;; BANK3           96      0       0
   172 ;; BANK2           96      0       0
   173                           
   174 ;;
   175 ;; Pointer list with targets:
   176                           
   177                           
   178                           
   179 ;;
   180 ;; Critical Paths under _main in COMMON
   181 ;;
   182 ;;   _main->_I2C_READ
   183 ;;   _I2C_READ->_dis
   184 ;;
   185 ;; Critical Paths under _main in BANK0
   186 ;;
   187 ;;   None.
   188 ;;
   189 ;; Critical Paths under _main in BANK1
   190 ;;
   191 ;;   None.
   192 ;;
   193 ;; Critical Paths under _main in BANK3
   194 ;;
   195 ;;   None.
   196 ;;
   197 ;; Critical Paths under _main in BANK2
   198 ;;
   199 ;;   None.
   200                           
   201 ;;
   202 ;;Main: autosize = 0, tempsize = 3, incstack = 0, save=0
   203 ;;
   204                           
   205 ;;
   206 ;;Call Graph Tables:
   207 ;;
   208 ;; ---------------------------------------------------------------------------------
   209 ;; (Depth) Function   	        Calls       Base Space   Used Autos Params    Refs
   210 ;; ---------------------------------------------------------------------------------
   211 ;; (0) _main                                                 3     3      0     120
   212 ;;                                              0 BANK0      3     3      0
   213 ;;                                _cmd
   214 ;;                           _I2C_INIT
   215 ;;                          _I2C_WRITE
   216 ;;                           _I2C_READ
   217 ;; ---------------------------------------------------------------------------------
   218 ;; (1) _I2C_READ                                             8     4      4      60
   219 ;;                                              4 COMMON     8     4      4
   220 ;;                                _dis
   221 ;; ---------------------------------------------------------------------------------
   222 ;; (2) _dis                                                  4     2      2      15
   223 ;;                                              0 COMMON     4     2      2
   224 ;; ---------------------------------------------------------------------------------
   225 ;; (1) _I2C_WRITE                                            9     3      6      45
   226 ;;                                              0 COMMON     9     3      6
   227 ;; ---------------------------------------------------------------------------------
   228 ;; (1) _cmd                                                  3     3      0      15
   229 ;;                                              0 COMMON     3     3      0
   230 ;; ---------------------------------------------------------------------------------
   231 ;; (1) _I2C_INIT                                             0     0      0       0
   232 ;; ---------------------------------------------------------------------------------
   233 ;; Estimated maximum stack depth 2
   234 ;; ---------------------------------------------------------------------------------
   235                           
   236 ;; Call Graph Graphs:
   237                           
   238 ;; _main (ROOT)
   239 ;;   _cmd
   240 ;;   _I2C_INIT
   241 ;;   _I2C_WRITE
   242 ;;   _I2C_READ
   243 ;;     _dis
   244 ;;
   245                           
   246 ;; Address spaces:
   247                           
   248 ;;Name               Size   Autos  Total    Cost      Usage
   249 ;;BITCOMMON            E      0       0       0        0.0%
   250 ;;EEDATA             100      0       0       0        0.0%
   251 ;;NULL                 0      0       0       0        0.0%
   252 ;;CODE                 0      0       0       0        0.0%
   253 ;;COMMON               E      C       C       1       85.7%
   254 ;;BITSFR0              0      0       0       1        0.0%
   255 ;;SFR0                 0      0       0       1        0.0%
   256 ;;BITSFR1              0      0       0       2        0.0%
   257 ;;SFR1                 0      0       0       2        0.0%
   258 ;;STACK                0      0       2       2        0.0%
   259 ;;ABS                  0      0       0       3        0.0%
   260 ;;BITBANK0            50      0       0       4        0.0%
   261 ;;BITSFR3              0      0       0       4        0.0%
   262 ;;SFR3                 0      0       0       4        0.0%
   263 ;;BANK0               50      3       3       5        3.8%
   264 ;;BITSFR2              0      0       0       5        0.0%
   265 ;;SFR2                 0      0       0       5        0.0%
   266 ;;BITBANK1            50      0       0       6        0.0%
   267 ;;BANK1               50      0       0       7        0.0%
   268 ;;BITBANK3            60      0       0       8        0.0%
   269 ;;BANK3               60      0       0       9        0.0%
   270 ;;BITBANK2            60      0       0      10        0.0%
   271 ;;BANK2               60      0       0      11        0.0%
   272 ;;DATA                 0      0       0      12        0.0%
   273                           
   274                           	global	_main
   275                           psect	maintext,global,class=CODE,delta=2
   276                           global __pmaintext
   277  0685                     __pmaintext:
   278                           
   279 ;; *************** function _main *****************
   280 ;; Defined at:
   281 ;;		line 11 in file "C:\PIC16F877A Demo Concepts\I2C EEPROM Write and Read\program.c"
   282 ;; Parameters:    Size  Location     Type
   283 ;;		None
   284 ;; Auto vars:     Size  Location     Type
   285 ;;		None
   286 ;; Return value:  Size  Location     Type
   287 ;;		None               void
   288 ;; Registers used:
   289 ;;		wreg, status,2, status,0, pclath, cstack
   290 ;; Tracked objects:
   291 ;;		On entry : 17F/0
   292 ;;		On exit  : 0/0
   293 ;;		Unchanged: 0/0
   294 ;; Data sizes:     COMMON   BANK0   BANK1   BANK3   BANK2
   295 ;;      Params:         0       0       0       0       0
   296 ;;      Locals:         0       0       0       0       0
   297 ;;      Temps:          0       3       0       0       0
   298 ;;      Totals:         0       3       0       0       0
   299 ;;Total ram usage:        3 bytes
   300 ;; Hardware stack levels required when called:    2
   301 ;; This function calls:
   302 ;;		_cmd
   303 ;;		_I2C_INIT
   304 ;;		_I2C_WRITE
   305 ;;		_I2C_READ
   306 ;; This function is called by:
   307 ;;		Startup code after reset
   308 ;; This function uses a non-reentrant model
   309 ;;
   310                           psect	maintext
   311                           	file	"C:\PIC16F877A Demo Concepts\I2C EEPROM Write and Read\program.c"
   312                           	line	11
   313                           	global	__size_of_main
   314  017B                     	__size_of_main	equ	__end_of_main-_main
   315                           	
   316  0685                     _main:	
   317                           	opt	stack 6
   318                           ; Regs used in _main: [wreg+status,2+status,0+pclath+cstack]
   319                           	line	12
   320                           	
   321  0685                     l1911:	
   322                           ;program.c: 12: PORTC=0x00;
   323  0685  1283               	bcf	status, 5	;RP0=0, select bank0
   324  0686  1303               	bcf	status, 6	;RP1=0, select bank0
   325  0687  0187               	clrf	(7)	;volatile
   326                           	line	13
   327                           	
   328  0688                     l1913:	
   329                           ;program.c: 13: TXSTA=0b00100100;
   330  0688  3024               	movlw	(024h)
   331  0689  1683               	bsf	status, 5	;RP0=1, select bank1
   332  068A  1303               	bcf	status, 6	;RP1=0, select bank1
   333  068B  0098               	movwf	(152)^080h	;volatile
   334                           	line	14
   335                           	
   336  068C                     l1915:	
   337                           ;program.c: 14: RCSTA=0b10010000;
   338  068C  3090               	movlw	(090h)
   339  068D  1283               	bcf	status, 5	;RP0=0, select bank0
   340  068E  1303               	bcf	status, 6	;RP1=0, select bank0
   341  068F  0098               	movwf	(24)	;volatile
   342                           	line	15
   343                           	
   344  0690                     l1917:	
   345                           ;program.c: 15: SPBRG=64;
   346  0690  3040               	movlw	(040h)
   347  0691  1683               	bsf	status, 5	;RP0=1, select bank1
   348  0692  1303               	bcf	status, 6	;RP1=0, select bank1
   349  0693  0099               	movwf	(153)^080h	;volatile
   350                           	line	16
   351                           	
   352  0694                     l1919:	
   353                           ;program.c: 16: PORTB=0x00;
   354  0694  1283               	bcf	status, 5	;RP0=0, select bank0
   355  0695  1303               	bcf	status, 6	;RP1=0, select bank0
   356  0696  0186               	clrf	(6)	;volatile
   357                           	line	17
   358                           	
   359  0697                     l1921:	
   360                           ;program.c: 17: TRISB=0x00;
   361  0697  1683               	bsf	status, 5	;RP0=1, select bank1
   362  0698  1303               	bcf	status, 6	;RP1=0, select bank1
   363  0699  0186               	clrf	(134)^080h	;volatile
   364                           	line	18
   365                           	
   366  069A                     l1923:	
   367                           ;program.c: 18: TRISD=0x00;
   368  069A  0188               	clrf	(136)^080h	;volatile
   369                           	line	19
   370                           	
   371  069B                     l1925:	
   372                           ;program.c: 19: PORTD=0x00;
   373  069B  1283               	bcf	status, 5	;RP0=0, select bank0
   374  069C  1303               	bcf	status, 6	;RP1=0, select bank0
   375  069D  0188               	clrf	(8)	;volatile
   376                           	line	20
   377                           	
   378  069E                     l1927:	
   379                           ;program.c: 20: cmd(0x38);
   380  069E  3038               	movlw	(038h)
   381  069F  120A  118A  25C2   	fcall	_cmd
              120A  118A         
   382                           	line	21
   383                           	
   384  06A4                     l1929:	
   385                           ;program.c: 21: cmd(0x0C);
   386  06A4  300C               	movlw	(0Ch)
   387  06A5  120A  118A  25C2   	fcall	_cmd
              120A  118A         
   388                           	line	22
   389                           	
   390  06AA                     l1931:	
   391                           ;program.c: 22: cmd(0x10);
   392  06AA  3010               	movlw	(010h)
   393  06AB  120A  118A  25C2   	fcall	_cmd
              120A  118A         
   394                           	line	23
   395                           	
   396  06B0                     l1933:	
   397                           ;program.c: 23: cmd(0x06);
   398  06B0  3006               	movlw	(06h)
   399  06B1  120A  118A  25C2   	fcall	_cmd
              120A  118A         
   400                           	line	24
   401                           	
   402  06B6                     l1935:	
   403                           ;program.c: 24: cmd(0x80);
   404  06B6  3080               	movlw	(080h)
   405  06B7  120A  118A  25C2   	fcall	_cmd
              120A  118A         
   406                           	line	25
   407                           	
   408  06BC                     l1937:	
   409                           ;program.c: 25: cmd(0xC0);
   410  06BC  30C0               	movlw	(0C0h)
   411  06BD  120A  118A  25C2   	fcall	_cmd
              120A  118A         
   412                           	line	26
   413                           	
   414  06C2                     l1939:	
   415                           ;program.c: 26: I2C_INIT();
   416  06C2  120A  118A  25A2   	fcall	_I2C_INIT
              120A  118A         
   417                           	line	27
   418                           	
   419  06C7                     l1941:	
   420                           ;program.c: 27: I2C_WRITE(0x00,0x00,'A');
   421  06C7  3000               	movlw	low(0)
   422  06C8  00F0               	movwf	(?_I2C_WRITE)
   423  06C9  3000               	movlw	high(0)
   424  06CA  00F1               	movwf	((?_I2C_WRITE))+1
   425  06CB  3000               	movlw	low(0)
   426  06CC  00F2               	movwf	0+(?_I2C_WRITE)+02h
   427  06CD  3000               	movlw	high(0)
   428  06CE  00F3               	movwf	(0+(?_I2C_WRITE)+02h)+1
   429  06CF  3041               	movlw	low(041h)
   430  06D0  00F4               	movwf	0+(?_I2C_WRITE)+04h
   431  06D1  3000               	movlw	high(041h)
   432  06D2  00F5               	movwf	(0+(?_I2C_WRITE)+04h)+1
   433  06D3  120A  118A  25D7   	fcall	_I2C_WRITE
              120A  118A         
   434                           	line	28
   435                           	
   436  06D8                     l1943:	
   437                           ;program.c: 28: _delay((unsigned long)((2000)*(10000000/4000.0)));
   438                           	opt asmopt_off
   439  06D8  301A               movlw  26
   440  06D9  1283               	bcf	status, 5	;RP0=0, select bank0
   441  06DA  1303               	bcf	status, 6	;RP1=0, select bank0
   442  06DB  00A2               movwf	((??_main+0)+0+2),f
   443  06DC  3045               movlw	69
   444  06DD  00A1               movwf	((??_main+0)+0+1),f
   445  06DE  307E               	movlw	126
   446  06DF  00A0               movwf	((??_main+0)+0),f
   447  06E0                     u2297:
   448  06E0  0BA0               	decfsz	((??_main+0)+0),f
   449  06E1  2EE0               	goto	u2297
   450  06E2  0BA1               	decfsz	((??_main+0)+0+1),f
   451  06E3  2EE0               	goto	u2297
   452  06E4  0BA2               	decfsz	((??_main+0)+0+2),f
   453  06E5  2EE0               	goto	u2297
   454                           opt asmopt_on
   455                           
   456                           	line	29
   457                           	
   458  06E6                     l1945:	
   459                           ;program.c: 29: I2C_READ(0x00,0x00);
   460  06E6  3000               	movlw	low(0)
   461  06E7  00F4               	movwf	(?_I2C_READ)
   462  06E8  3000               	movlw	high(0)
   463  06E9  00F5               	movwf	((?_I2C_READ))+1
   464  06EA  3000               	movlw	low(0)
   465  06EB  00F6               	movwf	0+(?_I2C_READ)+02h
   466  06EC  3000               	movlw	high(0)
   467  06ED  00F7               	movwf	(0+(?_I2C_READ)+02h)+1
   468  06EE  120A  118A  261B   	fcall	_I2C_READ
              120A  118A         
   469                           	line	30
   470                           	
   471  06F3                     l1947:	
   472                           ;program.c: 30: I2C_WRITE(0x00,0x01,'B');
   473  06F3  3000               	movlw	low(0)
   474  06F4  00F0               	movwf	(?_I2C_WRITE)
   475  06F5  3000               	movlw	high(0)
   476  06F6  00F1               	movwf	((?_I2C_WRITE))+1
   477  06F7  3001               	movlw	low(01h)
   478  06F8  00F2               	movwf	0+(?_I2C_WRITE)+02h
   479  06F9  3000               	movlw	high(01h)
   480  06FA  00F3               	movwf	(0+(?_I2C_WRITE)+02h)+1
   481  06FB  3042               	movlw	low(042h)
   482  06FC  00F4               	movwf	0+(?_I2C_WRITE)+04h
   483  06FD  3000               	movlw	high(042h)
   484  06FE  00F5               	movwf	(0+(?_I2C_WRITE)+04h)+1
   485  06FF  120A  118A  25D7   	fcall	_I2C_WRITE
              120A  118A         
   486                           	line	31
   487                           	
   488  0704                     l1949:	
   489                           ;program.c: 31: _delay((unsigned long)((2000)*(10000000/4000.0)));
   490                           	opt asmopt_off
   491  0704  301A               movlw  26
   492  0705  1283               	bcf	status, 5	;RP0=0, select bank0
   493  0706  1303               	bcf	status, 6	;RP1=0, select bank0
   494  0707  00A2               movwf	((??_main+0)+0+2),f
   495  0708  3045               movlw	69
   496  0709  00A1               movwf	((??_main+0)+0+1),f
   497  070A  307E               	movlw	126
   498  070B  00A0               movwf	((??_main+0)+0),f
   499  070C                     u2307:
   500  070C  0BA0               	decfsz	((??_main+0)+0),f
   501  070D  2F0C               	goto	u2307
   502  070E  0BA1               	decfsz	((??_main+0)+0+1),f
   503  070F  2F0C               	goto	u2307
   504  0710  0BA2               	decfsz	((??_main+0)+0+2),f
   505  0711  2F0C               	goto	u2307
   506                           opt asmopt_on
   507                           
   508                           	line	32
   509                           	
   510  0712                     l1951:	
   511                           ;program.c: 32: I2C_READ(0x00,0x01);
   512  0712  3000               	movlw	low(0)
   513  0713  00F4               	movwf	(?_I2C_READ)
   514  0714  3000               	movlw	high(0)
   515  0715  00F5               	movwf	((?_I2C_READ))+1
   516  0716  3001               	movlw	low(01h)
   517  0717  00F6               	movwf	0+(?_I2C_READ)+02h
   518  0718  3000               	movlw	high(01h)
   519  0719  00F7               	movwf	(0+(?_I2C_READ)+02h)+1
   520  071A  120A  118A  261B   	fcall	_I2C_READ
              120A  118A         
   521                           	line	33
   522                           	
   523  071F                     l1953:	
   524                           ;program.c: 33: I2C_WRITE(0x00,0x02,'C');
   525  071F  3000               	movlw	low(0)
   526  0720  00F0               	movwf	(?_I2C_WRITE)
   527  0721  3000               	movlw	high(0)
   528  0722  00F1               	movwf	((?_I2C_WRITE))+1
   529  0723  3002               	movlw	low(02h)
   530  0724  00F2               	movwf	0+(?_I2C_WRITE)+02h
   531  0725  3000               	movlw	high(02h)
   532  0726  00F3               	movwf	(0+(?_I2C_WRITE)+02h)+1
   533  0727  3043               	movlw	low(043h)
   534  0728  00F4               	movwf	0+(?_I2C_WRITE)+04h
   535  0729  3000               	movlw	high(043h)
   536  072A  00F5               	movwf	(0+(?_I2C_WRITE)+04h)+1
   537  072B  120A  118A  25D7   	fcall	_I2C_WRITE
              120A  118A         
   538                           	line	34
   539                           	
   540  0730                     l1955:	
   541                           ;program.c: 34: _delay((unsigned long)((2000)*(10000000/4000.0)));
   542                           	opt asmopt_off
   543  0730  301A               movlw  26
   544  0731  1283               	bcf	status, 5	;RP0=0, select bank0
   545  0732  1303               	bcf	status, 6	;RP1=0, select bank0
   546  0733  00A2               movwf	((??_main+0)+0+2),f
   547  0734  3045               movlw	69
   548  0735  00A1               movwf	((??_main+0)+0+1),f
   549  0736  307E               	movlw	126
   550  0737  00A0               movwf	((??_main+0)+0),f
   551  0738                     u2317:
   552  0738  0BA0               	decfsz	((??_main+0)+0),f
   553  0739  2F38               	goto	u2317
   554  073A  0BA1               	decfsz	((??_main+0)+0+1),f
   555  073B  2F38               	goto	u2317
   556  073C  0BA2               	decfsz	((??_main+0)+0+2),f
   557  073D  2F38               	goto	u2317
   558                           opt asmopt_on
   559                           
   560                           	line	35
   561                           	
   562  073E                     l1957:	
   563                           ;program.c: 35: I2C_READ(0x00,0x02);
   564  073E  3000               	movlw	low(0)
   565  073F  00F4               	movwf	(?_I2C_READ)
   566  0740  3000               	movlw	high(0)
   567  0741  00F5               	movwf	((?_I2C_READ))+1
   568  0742  3002               	movlw	low(02h)
   569  0743  00F6               	movwf	0+(?_I2C_READ)+02h
   570  0744  3000               	movlw	high(02h)
   571  0745  00F7               	movwf	(0+(?_I2C_READ)+02h)+1
   572  0746  120A  118A  261B   	fcall	_I2C_READ
              120A  118A         
   573                           	line	36
   574                           	
   575  074B                     l1959:	
   576                           ;program.c: 36: I2C_WRITE(0x00,0x03,'D');
   577  074B  3000               	movlw	low(0)
   578  074C  00F0               	movwf	(?_I2C_WRITE)
   579  074D  3000               	movlw	high(0)
   580  074E  00F1               	movwf	((?_I2C_WRITE))+1
   581  074F  3003               	movlw	low(03h)
   582  0750  00F2               	movwf	0+(?_I2C_WRITE)+02h
   583  0751  3000               	movlw	high(03h)
   584  0752  00F3               	movwf	(0+(?_I2C_WRITE)+02h)+1
   585  0753  3044               	movlw	low(044h)
   586  0754  00F4               	movwf	0+(?_I2C_WRITE)+04h
   587  0755  3000               	movlw	high(044h)
   588  0756  00F5               	movwf	(0+(?_I2C_WRITE)+04h)+1
   589  0757  120A  118A  25D7   	fcall	_I2C_WRITE
              120A  118A         
   590                           	line	37
   591                           	
   592  075C                     l1961:	
   593                           ;program.c: 37: _delay((unsigned long)((2000)*(10000000/4000.0)));
   594                           	opt asmopt_off
   595  075C  301A               movlw  26
   596  075D  1283               	bcf	status, 5	;RP0=0, select bank0
   597  075E  1303               	bcf	status, 6	;RP1=0, select bank0
   598  075F  00A2               movwf	((??_main+0)+0+2),f
   599  0760  3045               movlw	69
   600  0761  00A1               movwf	((??_main+0)+0+1),f
   601  0762  307E               	movlw	126
   602  0763  00A0               movwf	((??_main+0)+0),f
   603  0764                     u2327:
   604  0764  0BA0               	decfsz	((??_main+0)+0),f
   605  0765  2F64               	goto	u2327
   606  0766  0BA1               	decfsz	((??_main+0)+0+1),f
   607  0767  2F64               	goto	u2327
   608  0768  0BA2               	decfsz	((??_main+0)+0+2),f
   609  0769  2F64               	goto	u2327
   610                           opt asmopt_on
   611                           
   612                           	line	38
   613                           	
   614  076A                     l1963:	
   615                           ;program.c: 38: I2C_READ(0x00,0x03);
   616  076A  3000               	movlw	low(0)
   617  076B  00F4               	movwf	(?_I2C_READ)
   618  076C  3000               	movlw	high(0)
   619  076D  00F5               	movwf	((?_I2C_READ))+1
   620  076E  3003               	movlw	low(03h)
   621  076F  00F6               	movwf	0+(?_I2C_READ)+02h
   622  0770  3000               	movlw	high(03h)
   623  0771  00F7               	movwf	(0+(?_I2C_READ)+02h)+1
   624  0772  120A  118A  261B   	fcall	_I2C_READ
              120A  118A         
   625                           	line	39
   626                           	
   627  0777                     l1965:	
   628                           ;program.c: 39: I2C_WRITE(0x00,0x04,'E');
   629  0777  3000               	movlw	low(0)
   630  0778  00F0               	movwf	(?_I2C_WRITE)
   631  0779  3000               	movlw	high(0)
   632  077A  00F1               	movwf	((?_I2C_WRITE))+1
   633  077B  3004               	movlw	low(04h)
   634  077C  00F2               	movwf	0+(?_I2C_WRITE)+02h
   635  077D  3000               	movlw	high(04h)
   636  077E  00F3               	movwf	(0+(?_I2C_WRITE)+02h)+1
   637  077F  3045               	movlw	low(045h)
   638  0780  00F4               	movwf	0+(?_I2C_WRITE)+04h
   639  0781  3000               	movlw	high(045h)
   640  0782  00F5               	movwf	(0+(?_I2C_WRITE)+04h)+1
   641  0783  120A  118A  25D7   	fcall	_I2C_WRITE
              120A  118A         
   642                           	line	40
   643                           	
   644  0788                     l1967:	
   645                           ;program.c: 40: _delay((unsigned long)((2000)*(10000000/4000.0)));
   646                           	opt asmopt_off
   647  0788  301A               movlw  26
   648  0789  1283               	bcf	status, 5	;RP0=0, select bank0
   649  078A  1303               	bcf	status, 6	;RP1=0, select bank0
   650  078B  00A2               movwf	((??_main+0)+0+2),f
   651  078C  3045               movlw	69
   652  078D  00A1               movwf	((??_main+0)+0+1),f
   653  078E  307E               	movlw	126
   654  078F  00A0               movwf	((??_main+0)+0),f
   655  0790                     u2337:
   656  0790  0BA0               	decfsz	((??_main+0)+0),f
   657  0791  2F90               	goto	u2337
   658  0792  0BA1               	decfsz	((??_main+0)+0+1),f
   659  0793  2F90               	goto	u2337
   660  0794  0BA2               	decfsz	((??_main+0)+0+2),f
   661  0795  2F90               	goto	u2337
   662                           opt asmopt_on
   663                           
   664                           	line	41
   665                           	
   666  0796                     l1969:	
   667                           ;program.c: 41: I2C_READ(0x00,0x04);
   668  0796  3000               	movlw	low(0)
   669  0797  00F4               	movwf	(?_I2C_READ)
   670  0798  3000               	movlw	high(0)
   671  0799  00F5               	movwf	((?_I2C_READ))+1
   672  079A  3004               	movlw	low(04h)
   673  079B  00F6               	movwf	0+(?_I2C_READ)+02h
   674  079C  3000               	movlw	high(04h)
   675  079D  00F7               	movwf	(0+(?_I2C_READ)+02h)+1
   676  079E  120A  118A  261B   	fcall	_I2C_READ
              120A  118A         
   677                           	line	42
   678                           	
   679  07A3                     l1971:	
   680                           ;program.c: 42: I2C_WRITE(0x00,0x05,'F');
   681  07A3  3000               	movlw	low(0)
   682  07A4  00F0               	movwf	(?_I2C_WRITE)
   683  07A5  3000               	movlw	high(0)
   684  07A6  00F1               	movwf	((?_I2C_WRITE))+1
   685  07A7  3005               	movlw	low(05h)
   686  07A8  00F2               	movwf	0+(?_I2C_WRITE)+02h
   687  07A9  3000               	movlw	high(05h)
   688  07AA  00F3               	movwf	(0+(?_I2C_WRITE)+02h)+1
   689  07AB  3046               	movlw	low(046h)
   690  07AC  00F4               	movwf	0+(?_I2C_WRITE)+04h
   691  07AD  3000               	movlw	high(046h)
   692  07AE  00F5               	movwf	(0+(?_I2C_WRITE)+04h)+1
   693  07AF  120A  118A  25D7   	fcall	_I2C_WRITE
              120A  118A         
   694                           	line	43
   695                           	
   696  07B4                     l1973:	
   697                           ;program.c: 43: _delay((unsigned long)((2000)*(10000000/4000.0)));
   698                           	opt asmopt_off
   699  07B4  301A               movlw  26
   700  07B5  1283               	bcf	status, 5	;RP0=0, select bank0
   701  07B6  1303               	bcf	status, 6	;RP1=0, select bank0
   702  07B7  00A2               movwf	((??_main+0)+0+2),f
   703  07B8  3045               movlw	69
   704  07B9  00A1               movwf	((??_main+0)+0+1),f
   705  07BA  307E               	movlw	126
   706  07BB  00A0               movwf	((??_main+0)+0),f
   707  07BC                     u2347:
   708  07BC  0BA0               	decfsz	((??_main+0)+0),f
   709  07BD  2FBC               	goto	u2347
   710  07BE  0BA1               	decfsz	((??_main+0)+0+1),f
   711  07BF  2FBC               	goto	u2347
   712  07C0  0BA2               	decfsz	((??_main+0)+0+2),f
   713  07C1  2FBC               	goto	u2347
   714                           opt asmopt_on
   715                           
   716                           	line	44
   717                           	
   718  07C2                     l1975:	
   719                           ;program.c: 44: I2C_READ(0x00,0x05);
   720  07C2  3000               	movlw	low(0)
   721  07C3  00F4               	movwf	(?_I2C_READ)
   722  07C4  3000               	movlw	high(0)
   723  07C5  00F5               	movwf	((?_I2C_READ))+1
   724  07C6  3005               	movlw	low(05h)
   725  07C7  00F6               	movwf	0+(?_I2C_READ)+02h
   726  07C8  3000               	movlw	high(05h)
   727  07C9  00F7               	movwf	(0+(?_I2C_READ)+02h)+1
   728  07CA  120A  118A  261B   	fcall	_I2C_READ
              120A  118A         
   729                           	line	45
   730                           	
   731  07CF                     l1977:	
   732                           ;program.c: 45: I2C_WRITE(0x00,0x06,'G');
   733  07CF  3000               	movlw	low(0)
   734  07D0  00F0               	movwf	(?_I2C_WRITE)
   735  07D1  3000               	movlw	high(0)
   736  07D2  00F1               	movwf	((?_I2C_WRITE))+1
   737  07D3  3006               	movlw	low(06h)
   738  07D4  00F2               	movwf	0+(?_I2C_WRITE)+02h
   739  07D5  3000               	movlw	high(06h)
   740  07D6  00F3               	movwf	(0+(?_I2C_WRITE)+02h)+1
   741  07D7  3047               	movlw	low(047h)
   742  07D8  00F4               	movwf	0+(?_I2C_WRITE)+04h
   743  07D9  3000               	movlw	high(047h)
   744  07DA  00F5               	movwf	(0+(?_I2C_WRITE)+04h)+1
   745  07DB  120A  118A  25D7   	fcall	_I2C_WRITE
              120A  118A         
   746                           	line	46
   747                           	
   748  07E0                     l1979:	
   749                           ;program.c: 46: _delay((unsigned long)((2000)*(10000000/4000.0)));
   750                           	opt asmopt_off
   751  07E0  301A               movlw  26
   752  07E1  1283               	bcf	status, 5	;RP0=0, select bank0
   753  07E2  1303               	bcf	status, 6	;RP1=0, select bank0
   754  07E3  00A2               movwf	((??_main+0)+0+2),f
   755  07E4  3045               movlw	69
   756  07E5  00A1               movwf	((??_main+0)+0+1),f
   757  07E6  307E               	movlw	126
   758  07E7  00A0               movwf	((??_main+0)+0),f
   759  07E8                     u2357:
   760  07E8  0BA0               	decfsz	((??_main+0)+0),f
   761  07E9  2FE8               	goto	u2357
   762  07EA  0BA1               	decfsz	((??_main+0)+0+1),f
   763  07EB  2FE8               	goto	u2357
   764  07EC  0BA2               	decfsz	((??_main+0)+0+2),f
   765  07ED  2FE8               	goto	u2357
   766                           opt asmopt_on
   767                           
   768                           	line	47
   769                           	
   770  07EE                     l1981:	
   771                           ;program.c: 47: I2C_READ(0x00,0x06);
   772  07EE  3000               	movlw	low(0)
   773  07EF  00F4               	movwf	(?_I2C_READ)
   774  07F0  3000               	movlw	high(0)
   775  07F1  00F5               	movwf	((?_I2C_READ))+1
   776  07F2  3006               	movlw	low(06h)
   777  07F3  00F6               	movwf	0+(?_I2C_READ)+02h
   778  07F4  3000               	movlw	high(06h)
   779  07F5  00F7               	movwf	(0+(?_I2C_READ)+02h)+1
   780  07F6  120A  118A  261B   	fcall	_I2C_READ
              120A  118A         
   781  07FB  2FFC               	goto	l570
   782                           	line	48
   783                           ;program.c: 48: while(1){}}
   784                           	
   785  07FC                     l569:	
   786                           	
   787  07FC                     l570:	
   788  07FC  2FFC               	goto	l570
   789                           	
   790  07FD                     l571:	
   791                           	
   792  07FD                     l572:	
   793                           	global	start
   794  07FD  120A  118A  2800   	ljmp	start
   795                           	opt stack 0
   796                           GLOBAL	__end_of_main
   797  0800                     	__end_of_main:
   798 ;; =============== function _main ends ============
   799                           
   800                           	signat	_main,88
   801                           	global	_I2C_READ
   802                           psect	text171,local,class=CODE,delta=2
   803                           global __ptext171
   804  061B                     __ptext171:
   805                           
   806 ;; *************** function _I2C_READ *****************
   807 ;; Defined at:
   808 ;;		line 92 in file "C:\PIC16F877A Demo Concepts\I2C EEPROM Write and Read\program.c"
   809 ;; Parameters:    Size  Location     Type
   810 ;;  high            2    4[COMMON] int 
   811 ;;  low             2    6[COMMON] int 
   812 ;; Auto vars:     Size  Location     Type
   813 ;;  data            2   10[COMMON] int 
   814 ;; Return value:  Size  Location     Type
   815 ;;		None               void
   816 ;; Registers used:
   817 ;;		wreg, status,2, status,0, pclath, cstack
   818 ;; Tracked objects:
   819 ;;		On entry : 0/0
   820 ;;		On exit  : 0/0
   821 ;;		Unchanged: 0/0
   822 ;; Data sizes:     COMMON   BANK0   BANK1   BANK3   BANK2
   823 ;;      Params:         4       0       0       0       0
   824 ;;      Locals:         2       0       0       0       0
   825 ;;      Temps:          2       0       0       0       0
   826 ;;      Totals:         8       0       0       0       0
   827 ;;Total ram usage:        8 bytes
   828 ;; Hardware stack levels used:    1
   829 ;; Hardware stack levels required when called:    1
   830 ;; This function calls:
   831 ;;		_dis
   832 ;; This function is called by:
   833 ;;		_main
   834 ;; This function uses a non-reentrant model
   835 ;;
   836                           psect	text171
   837                           	file	"C:\PIC16F877A Demo Concepts\I2C EEPROM Write and Read\program.c"
   838                           	line	92
   839                           	global	__size_of_I2C_READ
   840  006A                     	__size_of_I2C_READ	equ	__end_of_I2C_READ-_I2C_READ
   841                           	
   842  061B                     _I2C_READ:	
   843                           	opt	stack 6
   844                           ; Regs used in _I2C_READ: [wreg+status,2+status,0+pclath+cstack]
   845                           	line	94
   846                           	
   847  061B                     l1823:	
   848                           ;program.c: 93: int data;
   849                           ;program.c: 94: SEN=1;
   850  061B  1683               	bsf	status, 5	;RP0=1, select bank1
   851  061C  1303               	bcf	status, 6	;RP1=0, select bank1
   852  061D  1411               	bsf	(1160/8)^080h,(1160)&7
   853                           	line	95
   854                           ;program.c: 95: while(SSPIF==0);
   855  061E  2E1F               	goto	l605
   856                           	
   857  061F                     l606:	
   858                           	
   859  061F                     l605:	
   860  061F  1283               	bcf	status, 5	;RP0=0, select bank0
   861  0620  1D8C               	btfss	(99/8),(99)&7
   862  0621  2E23               	goto	u2201
   863  0622  2E24               	goto	u2200
   864  0623                     u2201:
   865  0623  2E1F               	goto	l605
   866  0624                     u2200:
   867                           	
   868  0624                     l607:	
   869                           	line	96
   870                           ;program.c: 96: SSPIF=0;
   871  0624  118C               	bcf	(99/8),(99)&7
   872                           	line	97
   873                           	
   874  0625                     l1825:	
   875                           ;program.c: 97: SSPBUF=0b10100000;
   876  0625  30A0               	movlw	(0A0h)
   877  0626  0093               	movwf	(19)	;volatile
   878                           	line	98
   879                           ;program.c: 98: while(SSPIF==0);
   880  0627  2E28               	goto	l608
   881                           	
   882  0628                     l609:	
   883                           	
   884  0628                     l608:	
   885  0628  1D8C               	btfss	(99/8),(99)&7
   886  0629  2E2B               	goto	u2211
   887  062A  2E2C               	goto	u2210
   888  062B                     u2211:
   889  062B  2E28               	goto	l608
   890  062C                     u2210:
   891                           	
   892  062C                     l610:	
   893                           	line	99
   894                           ;program.c: 99: SSPIF=0;
   895  062C  118C               	bcf	(99/8),(99)&7
   896                           	line	100
   897                           	
   898  062D                     l1827:	
   899                           ;program.c: 100: SSPBUF=high;
   900  062D  0874               	movf	(I2C_READ@high),w
   901  062E  0093               	movwf	(19)	;volatile
   902                           	line	101
   903                           ;program.c: 101: while(SSPIF==0);
   904  062F  2E30               	goto	l611
   905                           	
   906  0630                     l612:	
   907                           	
   908  0630                     l611:	
   909  0630  1D8C               	btfss	(99/8),(99)&7
   910  0631  2E33               	goto	u2221
   911  0632  2E34               	goto	u2220
   912  0633                     u2221:
   913  0633  2E30               	goto	l611
   914  0634                     u2220:
   915                           	
   916  0634                     l613:	
   917                           	line	102
   918                           ;program.c: 102: SSPIF=0;
   919  0634  118C               	bcf	(99/8),(99)&7
   920                           	line	103
   921                           	
   922  0635                     l1829:	
   923                           ;program.c: 103: SSPBUF=low;
   924  0635  0876               	movf	(I2C_READ@low),w
   925  0636  0093               	movwf	(19)	;volatile
   926                           	line	104
   927                           ;program.c: 104: while(SSPIF==0);
   928  0637  2E38               	goto	l614
   929                           	
   930  0638                     l615:	
   931                           	
   932  0638                     l614:	
   933  0638  1D8C               	btfss	(99/8),(99)&7
   934  0639  2E3B               	goto	u2231
   935  063A  2E3C               	goto	u2230
   936  063B                     u2231:
   937  063B  2E38               	goto	l614
   938  063C                     u2230:
   939                           	
   940  063C                     l616:	
   941                           	line	105
   942                           ;program.c: 105: SSPIF=0;
   943  063C  118C               	bcf	(99/8),(99)&7
   944                           	line	106
   945                           ;program.c: 106: RSEN=1;
   946  063D  1683               	bsf	status, 5	;RP0=1, select bank1
   947  063E  1303               	bcf	status, 6	;RP1=0, select bank1
   948  063F  1491               	bsf	(1161/8)^080h,(1161)&7
   949                           	line	107
   950                           ;program.c: 107: while(SSPIF==0);
   951  0640  2E41               	goto	l617
   952                           	
   953  0641                     l618:	
   954                           	
   955  0641                     l617:	
   956  0641  1283               	bcf	status, 5	;RP0=0, select bank0
   957  0642  1D8C               	btfss	(99/8),(99)&7
   958  0643  2E45               	goto	u2241
   959  0644  2E46               	goto	u2240
   960  0645                     u2241:
   961  0645  2E41               	goto	l617
   962  0646                     u2240:
   963                           	
   964  0646                     l619:	
   965                           	line	108
   966                           ;program.c: 108: SSPIF=0;
   967  0646  118C               	bcf	(99/8),(99)&7
   968                           	line	109
   969                           	
   970  0647                     l1831:	
   971                           ;program.c: 109: SSPBUF=0b10100001;
   972  0647  30A1               	movlw	(0A1h)
   973  0648  0093               	movwf	(19)	;volatile
   974                           	line	110
   975                           ;program.c: 110: while(SSPIF==0);
   976  0649  2E4A               	goto	l620
   977                           	
   978  064A                     l621:	
   979                           	
   980  064A                     l620:	
   981  064A  1D8C               	btfss	(99/8),(99)&7
   982  064B  2E4D               	goto	u2251
   983  064C  2E4E               	goto	u2250
   984  064D                     u2251:
   985  064D  2E4A               	goto	l620
   986  064E                     u2250:
   987                           	
   988  064E                     l622:	
   989                           	line	111
   990                           ;program.c: 111: SSPIF=0;
   991  064E  118C               	bcf	(99/8),(99)&7
   992                           	line	112
   993                           ;program.c: 112: RCEN=1;
   994  064F  1683               	bsf	status, 5	;RP0=1, select bank1
   995  0650  1303               	bcf	status, 6	;RP1=0, select bank1
   996  0651  1591               	bsf	(1163/8)^080h,(1163)&7
   997                           	line	113
   998                           ;program.c: 113: while(SSPIF==0);
   999  0652  2E53               	goto	l623
  1000                           	
  1001  0653                     l624:	
  1002                           	
  1003  0653                     l623:	
  1004  0653  1283               	bcf	status, 5	;RP0=0, select bank0
  1005  0654  1D8C               	btfss	(99/8),(99)&7
  1006  0655  2E57               	goto	u2261
  1007  0656  2E58               	goto	u2260
  1008  0657                     u2261:
  1009  0657  2E53               	goto	l623
  1010  0658                     u2260:
  1011                           	
  1012  0658                     l625:	
  1013                           	line	114
  1014                           ;program.c: 114: SSPIF=0;
  1015  0658  118C               	bcf	(99/8),(99)&7
  1016                           	line	115
  1017                           ;program.c: 115: ACKDT=1;
  1018  0659  1683               	bsf	status, 5	;RP0=1, select bank1
  1019  065A  1303               	bcf	status, 6	;RP1=0, select bank1
  1020  065B  1691               	bsf	(1165/8)^080h,(1165)&7
  1021                           	line	116
  1022                           ;program.c: 116: ACKEN=1;
  1023  065C  1611               	bsf	(1164/8)^080h,(1164)&7
  1024                           	line	117
  1025                           ;program.c: 117: while(SSPIF==0);
  1026  065D  2E5E               	goto	l626
  1027                           	
  1028  065E                     l627:	
  1029                           	
  1030  065E                     l626:	
  1031  065E  1283               	bcf	status, 5	;RP0=0, select bank0
  1032  065F  1D8C               	btfss	(99/8),(99)&7
  1033  0660  2E62               	goto	u2271
  1034  0661  2E63               	goto	u2270
  1035  0662                     u2271:
  1036  0662  2E5E               	goto	l626
  1037  0663                     u2270:
  1038                           	
  1039  0663                     l628:	
  1040                           	line	118
  1041                           ;program.c: 118: SSPIF=0;
  1042  0663  118C               	bcf	(99/8),(99)&7
  1043                           	line	119
  1044                           ;program.c: 119: PEN=1;
  1045  0664  1683               	bsf	status, 5	;RP0=1, select bank1
  1046  0665  1303               	bcf	status, 6	;RP1=0, select bank1
  1047  0666  1511               	bsf	(1162/8)^080h,(1162)&7
  1048                           	line	120
  1049                           ;program.c: 120: while(SSPIF==0);
  1050  0667  2E68               	goto	l629
  1051                           	
  1052  0668                     l630:	
  1053                           	
  1054  0668                     l629:	
  1055  0668  1283               	bcf	status, 5	;RP0=0, select bank0
  1056  0669  1D8C               	btfss	(99/8),(99)&7
  1057  066A  2E6C               	goto	u2281
  1058  066B  2E6D               	goto	u2280
  1059  066C                     u2281:
  1060  066C  2E68               	goto	l629
  1061  066D                     u2280:
  1062                           	
  1063  066D                     l631:	
  1064                           	line	121
  1065                           ;program.c: 121: SSPIF=0;
  1066  066D  118C               	bcf	(99/8),(99)&7
  1067                           	line	122
  1068                           	
  1069  066E                     l1833:	
  1070                           ;program.c: 122: data=SSPBUF;
  1071  066E  0813               	movf	(19),w	;volatile
  1072  066F  00F8               	movwf	(??_I2C_READ+0)+0
  1073  0670  01F9               	clrf	(??_I2C_READ+0)+0+1
  1074  0671  0878               	movf	0+(??_I2C_READ+0)+0,w
  1075  0672  00FA               	movwf	(I2C_READ@data)
  1076  0673  0879               	movf	1+(??_I2C_READ+0)+0,w
  1077  0674  00FB               	movwf	(I2C_READ@data+1)
  1078                           	line	123
  1079                           	
  1080  0675                     l1835:	
  1081                           ;program.c: 123: dis(data);
  1082  0675  087B               	movf	(I2C_READ@data+1),w
  1083  0676  01F1               	clrf	(?_dis+1)
  1084  0677  07F1               	addwf	(?_dis+1)
  1085  0678  087A               	movf	(I2C_READ@data),w
  1086  0679  01F0               	clrf	(?_dis)
  1087  067A  07F0               	addwf	(?_dis)
  1088                           
  1089  067B  120A  118A  25AF   	fcall	_dis
              120A  118A         
  1090                           	line	124
  1091                           	
  1092  0680                     l1837:	
  1093                           ;program.c: 124: TXREG=SSPBUF;}
  1094  0680  1283               	bcf	status, 5	;RP0=0, select bank0
  1095  0681  1303               	bcf	status, 6	;RP1=0, select bank0
  1096  0682  0813               	movf	(19),w	;volatile
  1097  0683  0099               	movwf	(25)	;volatile
  1098                           	
  1099  0684                     l632:	
  1100  0684  0008               	return
  1101                           	opt stack 0
  1102                           GLOBAL	__end_of_I2C_READ
  1103  0685                     	__end_of_I2C_READ:
  1104 ;; =============== function _I2C_READ ends ============
  1105                           
  1106                           	signat	_I2C_READ,8312
  1107                           	global	_dis
  1108                           psect	text172,local,class=CODE,delta=2
  1109                           global __ptext172
  1110  05AF                     __ptext172:
  1111                           
  1112 ;; *************** function _dis *****************
  1113 ;; Defined at:
  1114 ;;		line 57 in file "C:\PIC16F877A Demo Concepts\I2C EEPROM Write and Read\program.c"
  1115 ;; Parameters:    Size  Location     Type
  1116 ;;  dat             2    0[COMMON] int 
  1117 ;; Auto vars:     Size  Location     Type
  1118 ;;		None
  1119 ;; Return value:  Size  Location     Type
  1120 ;;		None               void
  1121 ;; Registers used:
  1122 ;;		wreg
  1123 ;; Tracked objects:
  1124 ;;		On entry : 0/0
  1125 ;;		On exit  : 0/0
  1126 ;;		Unchanged: 0/0
  1127 ;; Data sizes:     COMMON   BANK0   BANK1   BANK3   BANK2
  1128 ;;      Params:         2       0       0       0       0
  1129 ;;      Locals:         0       0       0       0       0
  1130 ;;      Temps:          2       0       0       0       0
  1131 ;;      Totals:         4       0       0       0       0
  1132 ;;Total ram usage:        4 bytes
  1133 ;; Hardware stack levels used:    1
  1134 ;; This function calls:
  1135 ;;		Nothing
  1136 ;; This function is called by:
  1137 ;;		_I2C_READ
  1138 ;; This function uses a non-reentrant model
  1139 ;;
  1140                           psect	text172
  1141                           	file	"C:\PIC16F877A Demo Concepts\I2C EEPROM Write and Read\program.c"
  1142                           	line	57
  1143                           	global	__size_of_dis
  1144  0013                     	__size_of_dis	equ	__end_of_dis-_dis
  1145                           	
  1146  05AF                     _dis:	
  1147                           	opt	stack 6
  1148                           ; Regs used in _dis: [wreg]
  1149                           	line	58
  1150                           	
  1151  05AF                     l1813:	
  1152                           ;program.c: 58: PORTD=dat;
  1153  05AF  0870               	movf	(dis@dat),w
  1154  05B0  1283               	bcf	status, 5	;RP0=0, select bank0
  1155  05B1  1303               	bcf	status, 6	;RP1=0, select bank0
  1156  05B2  0088               	movwf	(8)	;volatile
  1157                           	line	59
  1158                           	
  1159  05B3                     l1815:	
  1160                           ;program.c: 59: RB0=1;
  1161  05B3  1406               	bsf	(48/8),(48)&7
  1162                           	line	60
  1163                           	
  1164  05B4                     l1817:	
  1165                           ;program.c: 60: RB1=0;
  1166  05B4  1086               	bcf	(49/8),(49)&7
  1167                           	line	61
  1168                           ;program.c: 61: _delay((unsigned long)((2)*(10000000/4000.0)));
  1169                           	opt asmopt_off
  1170  05B5  3007               movlw	7
  1171  05B6  00F3               movwf	((??_dis+0)+0+1),f
  1172  05B7  307D               	movlw	125
  1173  05B8  00F2               movwf	((??_dis+0)+0),f
  1174  05B9                     u2367:
  1175  05B9  0BF2               	decfsz	((??_dis+0)+0),f
  1176  05BA  2DB9               	goto	u2367
  1177  05BB  0BF3               	decfsz	((??_dis+0)+0+1),f
  1178  05BC  2DB9               	goto	u2367
  1179                           opt asmopt_on
  1180                           
  1181                           	line	62
  1182                           	
  1183  05BD                     l1819:	
  1184                           ;program.c: 62: RB2=1;
  1185  05BD  1283               	bcf	status, 5	;RP0=0, select bank0
  1186  05BE  1303               	bcf	status, 6	;RP1=0, select bank0
  1187  05BF  1506               	bsf	(50/8),(50)&7
  1188                           	line	63
  1189                           	
  1190  05C0                     l1821:	
  1191                           ;program.c: 63: RB2=0;}
  1192  05C0  1106               	bcf	(50/8),(50)&7
  1193                           	
  1194  05C1                     l578:	
  1195  05C1  0008               	return
  1196                           	opt stack 0
  1197                           GLOBAL	__end_of_dis
  1198  05C2                     	__end_of_dis:
  1199 ;; =============== function _dis ends ============
  1200                           
  1201                           	signat	_dis,4216
  1202                           	global	_I2C_WRITE
  1203                           psect	text173,local,class=CODE,delta=2
  1204                           global __ptext173
  1205  05D7                     __ptext173:
  1206                           
  1207 ;; *************** function _I2C_WRITE *****************
  1208 ;; Defined at:
  1209 ;;		line 71 in file "C:\PIC16F877A Demo Concepts\I2C EEPROM Write and Read\program.c"
  1210 ;; Parameters:    Size  Location     Type
  1211 ;;  high            2    0[COMMON] int 
  1212 ;;  low             2    2[COMMON] int 
  1213 ;;  data            2    4[COMMON] int 
  1214 ;; Auto vars:     Size  Location     Type
  1215 ;;		None
  1216 ;; Return value:  Size  Location     Type
  1217 ;;		None               void
  1218 ;; Registers used:
  1219 ;;		wreg
  1220 ;; Tracked objects:
  1221 ;;		On entry : 0/0
  1222 ;;		On exit  : 0/0
  1223 ;;		Unchanged: 0/0
  1224 ;; Data sizes:     COMMON   BANK0   BANK1   BANK3   BANK2
  1225 ;;      Params:         6       0       0       0       0
  1226 ;;      Locals:         0       0       0       0       0
  1227 ;;      Temps:          3       0       0       0       0
  1228 ;;      Totals:         9       0       0       0       0
  1229 ;;Total ram usage:        9 bytes
  1230 ;; Hardware stack levels used:    1
  1231 ;; This function calls:
  1232 ;;		Nothing
  1233 ;; This function is called by:
  1234 ;;		_main
  1235 ;; This function uses a non-reentrant model
  1236 ;;
  1237                           psect	text173
  1238                           	file	"C:\PIC16F877A Demo Concepts\I2C EEPROM Write and Read\program.c"
  1239                           	line	71
  1240                           	global	__size_of_I2C_WRITE
  1241  0044                     	__size_of_I2C_WRITE	equ	__end_of_I2C_WRITE-_I2C_WRITE
  1242                           	
  1243  05D7                     _I2C_WRITE:	
  1244                           	opt	stack 7
  1245                           ; Regs used in _I2C_WRITE: [wreg]
  1246                           	line	72
  1247                           	
  1248  05D7                     l1803:	
  1249                           ;program.c: 72: SEN=1;
  1250  05D7  1683               	bsf	status, 5	;RP0=1, select bank1
  1251  05D8  1303               	bcf	status, 6	;RP1=0, select bank1
  1252  05D9  1411               	bsf	(1160/8)^080h,(1160)&7
  1253                           	line	73
  1254                           ;program.c: 73: while(SSPIF==0);
  1255  05DA  2DDB               	goto	l584
  1256                           	
  1257  05DB                     l585:	
  1258                           	
  1259  05DB                     l584:	
  1260  05DB  1283               	bcf	status, 5	;RP0=0, select bank0
  1261  05DC  1D8C               	btfss	(99/8),(99)&7
  1262  05DD  2DDF               	goto	u2141
  1263  05DE  2DE0               	goto	u2140
  1264  05DF                     u2141:
  1265  05DF  2DDB               	goto	l584
  1266  05E0                     u2140:
  1267                           	
  1268  05E0                     l586:	
  1269                           	line	74
  1270                           ;program.c: 74: SSPIF=0;
  1271  05E0  118C               	bcf	(99/8),(99)&7
  1272                           	line	75
  1273                           	
  1274  05E1                     l1805:	
  1275                           ;program.c: 75: _delay((unsigned long)((1000)*(10000000/4000.0)));
  1276                           	opt asmopt_off
  1277  05E1  300D               movlw  13
  1278  05E2  00F8               movwf	((??_I2C_WRITE+0)+0+2),f
  1279  05E3  30A3               movlw	163
  1280  05E4  00F7               movwf	((??_I2C_WRITE+0)+0+1),f
  1281  05E5  30BD               	movlw	189
  1282  05E6  00F6               movwf	((??_I2C_WRITE+0)+0),f
  1283  05E7                     u2377:
  1284  05E7  0BF6               	decfsz	((??_I2C_WRITE+0)+0),f
  1285  05E8  2DE7               	goto	u2377
  1286  05E9  0BF7               	decfsz	((??_I2C_WRITE+0)+0+1),f
  1287  05EA  2DE7               	goto	u2377
  1288  05EB  0BF8               	decfsz	((??_I2C_WRITE+0)+0+2),f
  1289  05EC  2DE7               	goto	u2377
  1290  05ED  0064               	clrwdt
  1291                           opt asmopt_on
  1292                           
  1293                           	line	76
  1294                           ;program.c: 76: SSPBUF=0b10100000;
  1295  05EE  30A0               	movlw	(0A0h)
  1296  05EF  1283               	bcf	status, 5	;RP0=0, select bank0
  1297  05F0  1303               	bcf	status, 6	;RP1=0, select bank0
  1298  05F1  0093               	movwf	(19)	;volatile
  1299                           	line	77
  1300                           ;program.c: 77: while(SSPIF==0);
  1301  05F2  2DF3               	goto	l587
  1302                           	
  1303  05F3                     l588:	
  1304                           	
  1305  05F3                     l587:	
  1306  05F3  1D8C               	btfss	(99/8),(99)&7
  1307  05F4  2DF6               	goto	u2151
  1308  05F5  2DF7               	goto	u2150
  1309  05F6                     u2151:
  1310  05F6  2DF3               	goto	l587
  1311  05F7                     u2150:
  1312                           	
  1313  05F7                     l589:	
  1314                           	line	78
  1315                           ;program.c: 78: SSPIF=0;
  1316  05F7  118C               	bcf	(99/8),(99)&7
  1317                           	line	79
  1318                           	
  1319  05F8                     l1807:	
  1320                           ;program.c: 79: SSPBUF=high;
  1321  05F8  0870               	movf	(I2C_WRITE@high),w
  1322  05F9  0093               	movwf	(19)	;volatile
  1323                           	line	80
  1324                           ;program.c: 80: while(SSPIF==0);
  1325  05FA  2DFB               	goto	l590
  1326                           	
  1327  05FB                     l591:	
  1328                           	
  1329  05FB                     l590:	
  1330  05FB  1D8C               	btfss	(99/8),(99)&7
  1331  05FC  2DFE               	goto	u2161
  1332  05FD  2DFF               	goto	u2160
  1333  05FE                     u2161:
  1334  05FE  2DFB               	goto	l590
  1335  05FF                     u2160:
  1336                           	
  1337  05FF                     l592:	
  1338                           	line	81
  1339                           ;program.c: 81: SSPIF=0;
  1340  05FF  118C               	bcf	(99/8),(99)&7
  1341                           	line	82
  1342                           	
  1343  0600                     l1809:	
  1344                           ;program.c: 82: SSPBUF=low;
  1345  0600  0872               	movf	(I2C_WRITE@low),w
  1346  0601  0093               	movwf	(19)	;volatile
  1347                           	line	83
  1348                           ;program.c: 83: while(SSPIF==0);
  1349  0602  2E03               	goto	l593
  1350                           	
  1351  0603                     l594:	
  1352                           	
  1353  0603                     l593:	
  1354  0603  1D8C               	btfss	(99/8),(99)&7
  1355  0604  2E06               	goto	u2171
  1356  0605  2E07               	goto	u2170
  1357  0606                     u2171:
  1358  0606  2E03               	goto	l593
  1359  0607                     u2170:
  1360                           	
  1361  0607                     l595:	
  1362                           	line	84
  1363                           ;program.c: 84: SSPIF=0;
  1364  0607  118C               	bcf	(99/8),(99)&7
  1365                           	line	85
  1366                           	
  1367  0608                     l1811:	
  1368                           ;program.c: 85: SSPBUF=data;
  1369  0608  0874               	movf	(I2C_WRITE@data),w
  1370  0609  0093               	movwf	(19)	;volatile
  1371                           	line	86
  1372                           ;program.c: 86: while(SSPIF==0);
  1373  060A  2E0B               	goto	l596
  1374                           	
  1375  060B                     l597:	
  1376                           	
  1377  060B                     l596:	
  1378  060B  1D8C               	btfss	(99/8),(99)&7
  1379  060C  2E0E               	goto	u2181
  1380  060D  2E0F               	goto	u2180
  1381  060E                     u2181:
  1382  060E  2E0B               	goto	l596
  1383  060F                     u2180:
  1384                           	
  1385  060F                     l598:	
  1386                           	line	87
  1387                           ;program.c: 87: SSPIF=0;
  1388  060F  118C               	bcf	(99/8),(99)&7
  1389                           	line	88
  1390                           ;program.c: 88: PEN=1;
  1391  0610  1683               	bsf	status, 5	;RP0=1, select bank1
  1392  0611  1303               	bcf	status, 6	;RP1=0, select bank1
  1393  0612  1511               	bsf	(1162/8)^080h,(1162)&7
  1394                           	line	89
  1395                           ;program.c: 89: while(SSPIF==0);
  1396  0613  2E14               	goto	l599
  1397                           	
  1398  0614                     l600:	
  1399                           	
  1400  0614                     l599:	
  1401  0614  1283               	bcf	status, 5	;RP0=0, select bank0
  1402  0615  1D8C               	btfss	(99/8),(99)&7
  1403  0616  2E18               	goto	u2191
  1404  0617  2E19               	goto	u2190
  1405  0618                     u2191:
  1406  0618  2E14               	goto	l599
  1407  0619                     u2190:
  1408                           	
  1409  0619                     l601:	
  1410                           	line	90
  1411                           ;program.c: 90: SSPIF=0;}
  1412  0619  118C               	bcf	(99/8),(99)&7
  1413                           	
  1414  061A                     l602:	
  1415  061A  0008               	return
  1416                           	opt stack 0
  1417                           GLOBAL	__end_of_I2C_WRITE
  1418  061B                     	__end_of_I2C_WRITE:
  1419 ;; =============== function _I2C_WRITE ends ============
  1420                           
  1421                           	signat	_I2C_WRITE,12408
  1422                           	global	_cmd
  1423                           psect	text174,local,class=CODE,delta=2
  1424                           global __ptext174
  1425  05C2                     __ptext174:
  1426                           
  1427 ;; *************** function _cmd *****************
  1428 ;; Defined at:
  1429 ;;		line 50 in file "C:\PIC16F877A Demo Concepts\I2C EEPROM Write and Read\program.c"
  1430 ;; Parameters:    Size  Location     Type
  1431 ;;  a               1    wreg     unsigned char 
  1432 ;; Auto vars:     Size  Location     Type
  1433 ;;  a               1    2[COMMON] unsigned char 
  1434 ;; Return value:  Size  Location     Type
  1435 ;;		None               void
  1436 ;; Registers used:
  1437 ;;		wreg
  1438 ;; Tracked objects:
  1439 ;;		On entry : 0/0
  1440 ;;		On exit  : 0/0
  1441 ;;		Unchanged: 0/0
  1442 ;; Data sizes:     COMMON   BANK0   BANK1   BANK3   BANK2
  1443 ;;      Params:         0       0       0       0       0
  1444 ;;      Locals:         1       0       0       0       0
  1445 ;;      Temps:          2       0       0       0       0
  1446 ;;      Totals:         3       0       0       0       0
  1447 ;;Total ram usage:        3 bytes
  1448 ;; Hardware stack levels used:    1
  1449 ;; This function calls:
  1450 ;;		Nothing
  1451 ;; This function is called by:
  1452 ;;		_main
  1453 ;; This function uses a non-reentrant model
  1454 ;;
  1455                           psect	text174
  1456                           	file	"C:\PIC16F877A Demo Concepts\I2C EEPROM Write and Read\program.c"
  1457                           	line	50
  1458                           	global	__size_of_cmd
  1459  0015                     	__size_of_cmd	equ	__end_of_cmd-_cmd
  1460                           	
  1461  05C2                     _cmd:	
  1462                           	opt	stack 7
  1463                           ; Regs used in _cmd: [wreg]
  1464                           ;cmd@a stored from wreg
  1465  05C2  00F2               	movwf	(cmd@a)
  1466                           	line	51
  1467                           	
  1468  05C3                     l1793:	
  1469                           ;program.c: 51: PORTD=a;
  1470  05C3  0872               	movf	(cmd@a),w
  1471  05C4  1283               	bcf	status, 5	;RP0=0, select bank0
  1472  05C5  1303               	bcf	status, 6	;RP1=0, select bank0
  1473  05C6  0088               	movwf	(8)	;volatile
  1474                           	line	52
  1475                           	
  1476  05C7                     l1795:	
  1477                           ;program.c: 52: RB0=0;
  1478  05C7  1006               	bcf	(48/8),(48)&7
  1479                           	line	53
  1480                           	
  1481  05C8                     l1797:	
  1482                           ;program.c: 53: RB1=0;
  1483  05C8  1086               	bcf	(49/8),(49)&7
  1484                           	line	54
  1485                           ;program.c: 54: _delay((unsigned long)((10)*(10000000/4000.0)));
  1486                           	opt asmopt_off
  1487  05C9  3021               movlw	33
  1488  05CA  00F1               movwf	((??_cmd+0)+0+1),f
  1489  05CB  3076               	movlw	118
  1490  05CC  00F0               movwf	((??_cmd+0)+0),f
  1491  05CD                     u2387:
  1492  05CD  0BF0               	decfsz	((??_cmd+0)+0),f
  1493  05CE  2DCD               	goto	u2387
  1494  05CF  0BF1               	decfsz	((??_cmd+0)+0+1),f
  1495  05D0  2DCD               	goto	u2387
  1496  05D1  0064               	clrwdt
  1497                           opt asmopt_on
  1498                           
  1499                           	line	55
  1500                           	
  1501  05D2                     l1799:	
  1502                           ;program.c: 55: RB2=1;
  1503  05D2  1283               	bcf	status, 5	;RP0=0, select bank0
  1504  05D3  1303               	bcf	status, 6	;RP1=0, select bank0
  1505  05D4  1506               	bsf	(50/8),(50)&7
  1506                           	line	56
  1507                           	
  1508  05D5                     l1801:	
  1509                           ;program.c: 56: RB2=0;}
  1510  05D5  1106               	bcf	(50/8),(50)&7
  1511                           	
  1512  05D6                     l575:	
  1513  05D6  0008               	return
  1514                           	opt stack 0
  1515                           GLOBAL	__end_of_cmd
  1516  05D7                     	__end_of_cmd:
  1517 ;; =============== function _cmd ends ============
  1518                           
  1519                           	signat	_cmd,4216
  1520                           	global	_I2C_INIT
  1521                           psect	text175,local,class=CODE,delta=2
  1522                           global __ptext175
  1523  05A2                     __ptext175:
  1524                           
  1525 ;; *************** function _I2C_INIT *****************
  1526 ;; Defined at:
  1527 ;;		line 65 in file "C:\PIC16F877A Demo Concepts\I2C EEPROM Write and Read\program.c"
  1528 ;; Parameters:    Size  Location     Type
  1529 ;;		None
  1530 ;; Auto vars:     Size  Location     Type
  1531 ;;		None
  1532 ;; Return value:  Size  Location     Type
  1533 ;;		None               void
  1534 ;; Registers used:
  1535 ;;		wreg, status,2
  1536 ;; Tracked objects:
  1537 ;;		On entry : 0/0
  1538 ;;		On exit  : 0/0
  1539 ;;		Unchanged: 0/0
  1540 ;; Data sizes:     COMMON   BANK0   BANK1   BANK3   BANK2
  1541 ;;      Params:         0       0       0       0       0
  1542 ;;      Locals:         0       0       0       0       0
  1543 ;;      Temps:          0       0       0       0       0
  1544 ;;      Totals:         0       0       0       0       0
  1545 ;;Total ram usage:        0 bytes
  1546 ;; Hardware stack levels used:    1
  1547 ;; This function calls:
  1548 ;;		Nothing
  1549 ;; This function is called by:
  1550 ;;		_main
  1551 ;; This function uses a non-reentrant model
  1552 ;;
  1553                           psect	text175
  1554                           	file	"C:\PIC16F877A Demo Concepts\I2C EEPROM Write and Read\program.c"
  1555                           	line	65
  1556                           	global	__size_of_I2C_INIT
  1557  000D                     	__size_of_I2C_INIT	equ	__end_of_I2C_INIT-_I2C_INIT
  1558                           	
  1559  05A2                     _I2C_INIT:	
  1560                           	opt	stack 7
  1561                           ; Regs used in _I2C_INIT: [wreg+status,2]
  1562                           	line	66
  1563                           	
  1564  05A2                     l1001:	
  1565                           ;program.c: 66: SSPSTAT=0X00;
  1566  05A2  1683               	bsf	status, 5	;RP0=1, select bank1
  1567  05A3  1303               	bcf	status, 6	;RP1=0, select bank1
  1568  05A4  0194               	clrf	(148)^080h	;volatile
  1569                           	line	67
  1570                           	
  1571  05A5                     l1003:	
  1572                           ;program.c: 67: SSPCON=0b00101000;
  1573  05A5  3028               	movlw	(028h)
  1574  05A6  1283               	bcf	status, 5	;RP0=0, select bank0
  1575  05A7  1303               	bcf	status, 6	;RP1=0, select bank0
  1576  05A8  0094               	movwf	(20)	;volatile
  1577                           	line	68
  1578                           	
  1579  05A9                     l1005:	
  1580                           ;program.c: 68: SSPCON2=0X00;
  1581  05A9  1683               	bsf	status, 5	;RP0=1, select bank1
  1582  05AA  1303               	bcf	status, 6	;RP1=0, select bank1
  1583  05AB  0191               	clrf	(145)^080h	;volatile
  1584                           	line	69
  1585                           ;program.c: 69: SSPADD=24;}
  1586  05AC  3018               	movlw	(018h)
  1587  05AD  0093               	movwf	(147)^080h	;volatile
  1588                           	
  1589  05AE                     l581:	
  1590  05AE  0008               	return
  1591                           	opt stack 0
  1592                           GLOBAL	__end_of_I2C_INIT
  1593  05AF                     	__end_of_I2C_INIT:
  1594 ;; =============== function _I2C_INIT ends ============
  1595                           
  1596                           	signat	_I2C_INIT,88
  1597                           psect	text176,local,class=CODE,delta=2
  1598                           global __ptext176
  1599  0000                     __ptext176:
  1600                           	global	btemp
  1601  007E                     	btemp set 07Eh
  1602                           
  1603                           	DABS	1,126,2	;btemp
  1604                           	global	wtemp0
  1605  007E                     	wtemp0 set btemp


HI-TECH Software PICC Macro Assembler V9.80 build 6738 
Symbol Table                                                                                   Sun Mar 23 18:13:15 2025

  __size_of_I2C_WRITE 0044                   l600 0614                   l601 0619                   l602 061A  
                 l610 062C                   l611 0630                   l620 064A                   l612 0630  
                 l621 064A                   l613 0634                   l605 061F                   l630 0668  
                 l622 064E                   l614 0638                   l606 061F                   l631 066D  
                 l623 0653                   l615 0638                   l607 0624                   l632 0684  
                 l624 0653                   l616 063C                   l608 0628                   l625 0658  
                 l617 0641                   l609 0628                   l626 065E                   l618 0641  
                 l570 07FC                   l627 065E                   l619 0646                   l571 07FD  
                 l628 0663                   l572 07FD                   l581 05AE                   l629 0668  
                 l590 05FB                   l575 05D6                   l591 05FB                   l592 05FF  
                 l584 05DB                   l593 0603                   l585 05DB                   l569 07FC  
                 l594 0603                   l586 05E0                   l578 05C1                   l595 0607  
                 l587 05F3                   l596 060B                   l588 05F3                   l597 060B  
                 l589 05F7                   l598 060F                   l599 0614                   _RB0 0030  
                 _RB1 0031                   _RB2 0032                   _PEN 048A                   _SEN 0488  
                 _cmd 05C2                   _dis 05AF                  l1001 05A2                  l1003 05A5  
                l1005 05A9                  ?_cmd 0070                  l1801 05D5                  l1811 0608  
                l1803 05D7                  l1805 05E1                  l1821 05C0                  l1813 05AF  
                ?_dis 0070                  l1807 05F8                  l1815 05B3                  l1831 0647  
                l1823 061B                  l1911 0685                  l1809 0600                  l1817 05B4  
                l1833 066E                  l1825 0625                  l1921 0697                  l1913 0688  
                l1819 05BD                  l1835 0675                  l1827 062D                  l1931 06AA  
                l1923 069A                  l1915 068C                  l1837 0680                  l1829 0635  
                l1941 06C7                  l1933 06B0                  l1925 069B                  l1917 0690  
                l1951 0712                  l1943 06D8                  l1935 06B6                  l1927 069E  
                l1919 0694                  l1793 05C3                  l1961 075C                  l1953 071F  
                l1945 06E6                  l1937 06BC                  l1929 06A4                  l1795 05C7  
                l1971 07A3                  l1963 076A                  l1955 0730                  l1947 06F3  
                l1939 06C2                  l1797 05C8                  l1981 07EE                  l1973 07B4  
                l1965 0777                  l1957 073E                  l1949 0704                  l1799 05D2  
                l1975 07C2                  l1967 0788                  l1959 074B                  l1977 07CF  
                l1969 0796                  l1979 07E0                  u2200 0624                  u2201 0623  
                u2210 062C                  u2211 062B                  u2140 05E0                  u2220 0634  
                u2141 05DF                  u2221 0633                  u2150 05F7                  u2230 063C  
                u2151 05F6                  u2231 063B                  u2160 05FF                  u2240 0646  
                u2161 05FE                  u2241 0645                  u2170 0607                  u2250 064E  
                u2171 0606                  u2251 064D                  u2307 070C                  u2180 060F  
                u2260 0658                  u2181 060E                  u2261 0657                  u2317 0738  
                u2190 0619                  u2270 0663                  u2191 0618                  u2271 0662  
                u2327 0764                  u2280 066D                  u2281 066C                  u2337 0790  
                u2347 07BC                  u2357 07E8                  u2367 05B9                  u2377 05E7  
                u2297 06E0                  u2387 05CD                  _RCEN 048B                  _RSEN 0489  
    __end_of_I2C_INIT 05AF      __end_of_I2C_READ 0685                  cmd@a 0072                  _main 0685  
                btemp 007E                  start 0000                 ??_cmd 0070                 ??_dis 0072  
               ?_main 0070                 _ACKEN 048C                 _ACKDT 048D                 _RCSTA 0018  
               _SPBRG 0099                 _PORTB 0006                 _PORTC 0007                 _PORTD 0008  
               _TRISB 0086                 _TRISD 0088                 _SSPIF 0063                 _TXREG 0019  
               _TXSTA 0098     __end_of_I2C_WRITE 061B                 status 0003                 wtemp0 007E  
        __end_of_main 0800                ??_main 0020                _SSPADD 0093                _SSPCON 0014  
              _SSPBUF 0013                dis@dat 0070          I2C_READ@data 007A          I2C_READ@high 0074  
           ?_I2C_INIT 0070             ?_I2C_READ 0074        __pcstackCOMMON 0070          I2C_WRITE@low 0072  
          ??_I2C_INIT 0070            ??_I2C_READ 0078            __pmaintext 0685               _SSPCON2 0091  
             _SSPSTAT 0094             _I2C_WRITE 05D7          __size_of_cmd 0015          __size_of_dis 0013  
end_of_initialization 059E            ?_I2C_WRITE 0070     __size_of_I2C_INIT 000D     __size_of_I2C_READ 006A  
       I2C_WRITE@data 0074         I2C_WRITE@high 0070   start_initialization 059E           __end_of_cmd 05D7  
         __end_of_dis 05C2           ??_I2C_WRITE 0076           I2C_READ@low 0076         __pcstackBANK0 0020  
           __ptext170 0000             __ptext171 061B             __ptext172 05AF             __ptext173 05D7  
           __ptext174 05C2             __ptext175 05A2             __ptext176 0000              _I2C_INIT 05A2  
            _I2C_READ 061B         __size_of_main 017B  
