

HI-TECH Software PIC LITE Macro Assembler V9.80 build 6738 
                                                                                               Thu Apr 17 16:41:39 2025

HI-TECH Software Omniscient Code Generator (Lite mode) build 6738
     1  0000                     opt subtitle "HI-TECH Software Omniscient Code Generator (Lite mode) build 6738"
     2                           
     3                           opt pagewidth 120
     4                           
     5                           	opt lm
     6                           
     7                           	processor	16F877A
     8                           clrc	macro
     9                           	bcf	3,0
    10  0000                     	endm
    11                           clrz	macro
    12                           	bcf	3,2
    13  0000                     	endm
    14                           setc	macro
    15                           	bsf	3,0
    16  0000                     	endm
    17                           setz	macro
    18                           	bsf	3,2
    19  0000                     	endm
    20                           skipc	macro
    21                           	btfss	3,0
    22  0000                     	endm
    23                           skipz	macro
    24                           	btfss	3,2
    25  0000                     	endm
    26                           skipnc	macro
    27                           	btfsc	3,0
    28  0000                     	endm
    29                           skipnz	macro
    30                           	btfsc	3,2
    31  0000                     	endm
    32  0000                     indf	equ	0
    33  0000                     indf0	equ	0
    34  0002                     pc	equ	2
    35  0002                     pcl	equ	2
    36  0003                     status	equ	3
    37  0004                     fsr	equ	4
    38  0004                     fsr0	equ	4
    39  0001                     c	equ	1
    40  0000                     z	equ	0
    41  000A                     pclath	equ	10
    42                           	FNCALL	_main,_delay
    43                           	FNROOT	_main
    44                           	global	_CCP1CON
    45                           psect	text60,local,class=CODE,delta=2
    46                           global __ptext60
    47  0000                     __ptext60:
    48  0017                     _CCP1CON	set	23
    49                           	global	_CCPR1L
    50  0015                     _CCPR1L	set	21
    51                           	global	_PORTC
    52  0007                     _PORTC	set	7
    53                           	global	_T2CON
    54  0012                     _T2CON	set	18
    55                           	global	_TMR2IF
    56  0061                     _TMR2IF	set	97
    57                           	global	_PR2
    58  0092                     _PR2	set	146
    59                           	global	_TRISC
    60  0087                     _TRISC	set	135
    61                           	file	"program.as"
    62                           	line	#
    63                           psect cinit,class=CODE,delta=2
    64                           global start_initialization
    65  07A9                     start_initialization:
    66                           
    67                           psect cinit,class=CODE,delta=2
    68                           global end_of_initialization
    69                           
    70                           ;End of C runtime variable initialization code
    71                           
    72  07A9                     end_of_initialization:
    73  07A9  0183               clrf status
    74  07AA  120A  118A  2FB8   ljmp _main	;jump to C main() function
    75                           psect	cstackCOMMON,class=COMMON,space=1
    76                           global __pcstackCOMMON
    77  0070                     __pcstackCOMMON:
    78                           	global	?_delay
    79  0070                     ?_delay:	; 0 bytes @ 0x0
    80                           	global	??_delay
    81  0070                     ??_delay:	; 0 bytes @ 0x0
    82                           	global	?_main
    83  0070                     ?_main:	; 0 bytes @ 0x0
    84                           	global	??_main
    85  0070                     ??_main:	; 0 bytes @ 0x0
    86                           	global	main@i
    87  0070                     main@i:	; 2 bytes @ 0x0
    88  0070                     	ds	2
    89 ;;Data sizes: Strings 0, constant 0, data 0, bss 0, persistent 0 stack 0
    90 ;;Auto spaces:   Size  Autos    Used
    91 ;; COMMON          14      2       2
    92 ;; BANK0           80      0       0
    93 ;; BANK1           80      0       0
    94 ;; BANK3           96      0       0
    95 ;; BANK2           96      0       0
    96                           
    97 ;;
    98 ;; Pointer list with targets:
    99                           
   100                           
   101                           
   102 ;;
   103 ;; Critical Paths under _main in COMMON
   104 ;;
   105 ;;   None.
   106 ;;
   107 ;; Critical Paths under _main in BANK0
   108 ;;
   109 ;;   None.
   110 ;;
   111 ;; Critical Paths under _main in BANK1
   112 ;;
   113 ;;   None.
   114 ;;
   115 ;; Critical Paths under _main in BANK3
   116 ;;
   117 ;;   None.
   118 ;;
   119 ;; Critical Paths under _main in BANK2
   120 ;;
   121 ;;   None.
   122                           
   123 ;;
   124 ;;Main: autosize = 0, tempsize = 0, incstack = 0, save=0
   125 ;;
   126                           
   127 ;;
   128 ;;Call Graph Tables:
   129 ;;
   130 ;; ---------------------------------------------------------------------------------
   131 ;; (Depth) Function   	        Calls       Base Space   Used Autos Params    Refs
   132 ;; ---------------------------------------------------------------------------------
   133 ;; (0) _main                                                 2     2      0      45
   134 ;;                                              0 COMMON     2     2      0
   135 ;;                              _delay
   136 ;; ---------------------------------------------------------------------------------
   137 ;; (1) _delay                                                0     0      0       0
   138 ;; ---------------------------------------------------------------------------------
   139 ;; Estimated maximum stack depth 1
   140 ;; ---------------------------------------------------------------------------------
   141                           
   142 ;; Call Graph Graphs:
   143                           
   144 ;; _main (ROOT)
   145 ;;   _delay
   146 ;;
   147                           
   148 ;; Address spaces:
   149                           
   150 ;;Name               Size   Autos  Total    Cost      Usage
   151 ;;BITCOMMON            E      0       0       0        0.0%
   152 ;;EEDATA             100      0       0       0        0.0%
   153 ;;NULL                 0      0       0       0        0.0%
   154 ;;CODE                 0      0       0       0        0.0%
   155 ;;COMMON               E      2       2       1       14.3%
   156 ;;BITSFR0              0      0       0       1        0.0%
   157 ;;SFR0                 0      0       0       1        0.0%
   158 ;;BITSFR1              0      0       0       2        0.0%
   159 ;;SFR1                 0      0       0       2        0.0%
   160 ;;STACK                0      0       1       2        0.0%
   161 ;;ABS                  0      0       0       3        0.0%
   162 ;;BITBANK0            50      0       0       4        0.0%
   163 ;;BITSFR3              0      0       0       4        0.0%
   164 ;;SFR3                 0      0       0       4        0.0%
   165 ;;BANK0               50      0       0       5        0.0%
   166 ;;BITSFR2              0      0       0       5        0.0%
   167 ;;SFR2                 0      0       0       5        0.0%
   168 ;;BITBANK1            50      0       0       6        0.0%
   169 ;;BANK1               50      0       0       7        0.0%
   170 ;;BITBANK3            60      0       0       8        0.0%
   171 ;;BANK3               60      0       0       9        0.0%
   172 ;;BITBANK2            60      0       0      10        0.0%
   173 ;;BANK2               60      0       0      11        0.0%
   174 ;;DATA                 0      0       0      12        0.0%
   175                           
   176                           	global	_main
   177                           psect	maintext,global,class=CODE,delta=2
   178                           global __pmaintext
   179  07B8                     __pmaintext:
   180                           
   181 ;; *************** function _main *****************
   182 ;; Defined at:
   183 ;;		line 3 in file "D:\PIC16F877A Concepts\PWM using LED\program.c"
   184 ;; Parameters:    Size  Location     Type
   185 ;;		None
   186 ;; Auto vars:     Size  Location     Type
   187 ;;  i               2    0[COMMON] int 
   188 ;; Return value:  Size  Location     Type
   189 ;;		None               void
   190 ;; Registers used:
   191 ;;		wreg, status,2, status,0, btemp+1, pclath, cstack
   192 ;; Tracked objects:
   193 ;;		On entry : 17F/0
   194 ;;		On exit  : 0/0
   195 ;;		Unchanged: 0/0
   196 ;; Data sizes:     COMMON   BANK0   BANK1   BANK3   BANK2
   197 ;;      Params:         0       0       0       0       0
   198 ;;      Locals:         2       0       0       0       0
   199 ;;      Temps:          0       0       0       0       0
   200 ;;      Totals:         2       0       0       0       0
   201 ;;Total ram usage:        2 bytes
   202 ;; Hardware stack levels required when called:    1
   203 ;; This function calls:
   204 ;;		_delay
   205 ;; This function is called by:
   206 ;;		Startup code after reset
   207 ;; This function uses a non-reentrant model
   208 ;;
   209                           psect	maintext
   210                           	file	"D:\PIC16F877A Concepts\PWM using LED\program.c"
   211                           	line	3
   212                           	global	__size_of_main
   213  0048                     	__size_of_main	equ	__end_of_main-_main
   214                           	
   215  07B8                     _main:	
   216                           	opt	stack 7
   217                           ; Regs used in _main: [wreg+status,2+status,0+btemp+1+pclath+cstack]
   218                           	line	4
   219                           	
   220  07B8                     l1729:	
   221                           ;program.c: 4: PORTC=0x00;
   222  07B8  1283               	bcf	status, 5	;RP0=0, select bank0
   223  07B9  1303               	bcf	status, 6	;RP1=0, select bank0
   224  07BA  0187               	clrf	(7)	;volatile
   225                           	line	5
   226                           ;program.c: 5: TRISC=0x00;
   227  07BB  1683               	bsf	status, 5	;RP0=1, select bank1
   228  07BC  1303               	bcf	status, 6	;RP1=0, select bank1
   229  07BD  0187               	clrf	(135)^080h	;volatile
   230                           	line	6
   231                           	
   232  07BE                     l1731:	
   233                           ;program.c: 6: CCP1CON=0x0F;
   234  07BE  300F               	movlw	(0Fh)
   235  07BF  1283               	bcf	status, 5	;RP0=0, select bank0
   236  07C0  1303               	bcf	status, 6	;RP1=0, select bank0
   237  07C1  0097               	movwf	(23)	;volatile
   238                           	line	7
   239                           	
   240  07C2                     l1733:	
   241                           ;program.c: 7: PR2=35;
   242  07C2  3023               	movlw	(023h)
   243  07C3  1683               	bsf	status, 5	;RP0=1, select bank1
   244  07C4  1303               	bcf	status, 6	;RP1=0, select bank1
   245  07C5  0092               	movwf	(146)^080h	;volatile
   246                           	line	8
   247                           	
   248  07C6                     l1735:	
   249                           ;program.c: 8: CCPR1L=2;
   250  07C6  3002               	movlw	(02h)
   251  07C7  1283               	bcf	status, 5	;RP0=0, select bank0
   252  07C8  1303               	bcf	status, 6	;RP1=0, select bank0
   253  07C9  0095               	movwf	(21)	;volatile
   254  07CA  2FCB               	goto	l1737
   255                           	line	10
   256                           ;program.c: 10: while(1){
   257                           	
   258  07CB                     l561:	
   259                           	line	12
   260                           	
   261  07CB                     l1737:	
   262                           ;program.c: 11: int i;
   263                           ;program.c: 12: for(i=0;i<=35;i++){
   264  07CB  3000               	movlw	low(0)
   265  07CC  00F0               	movwf	(main@i)
   266  07CD  3000               	movlw	high(0)
   267  07CE  00F1               	movwf	((main@i))+1
   268                           	
   269  07CF                     l1739:	
   270  07CF  0871               	movf	(main@i+1),w
   271  07D0  3A80               	xorlw	80h
   272  07D1  00FF               	movwf	btemp+1
   273  07D2  3080               	movlw	(high(024h))^80h
   274  07D3  027F               	subwf	btemp+1,w
   275  07D4  1D03               	skipz
   276  07D5  2FD8               	goto	u2155
   277  07D6  3024               	movlw	low(024h)
   278  07D7  0270               	subwf	(main@i),w
   279  07D8                     u2155:
   280                           
   281  07D8  1C03               	skipc
   282  07D9  2FDB               	goto	u2151
   283  07DA  2FDC               	goto	u2150
   284  07DB                     u2151:
   285  07DB  2FDE               	goto	l1743
   286  07DC                     u2150:
   287  07DC  2FCB               	goto	l1737
   288                           	
   289  07DD                     l1741:	
   290  07DD  2FCB               	goto	l1737
   291                           	
   292  07DE                     l562:	
   293                           	line	13
   294                           	
   295  07DE                     l1743:	
   296                           ;program.c: 13: CCPR1L=i;
   297  07DE  0870               	movf	(main@i),w
   298  07DF  1283               	bcf	status, 5	;RP0=0, select bank0
   299  07E0  1303               	bcf	status, 6	;RP1=0, select bank0
   300  07E1  0095               	movwf	(21)	;volatile
   301                           	line	14
   302                           	
   303  07E2                     l1745:	
   304                           ;program.c: 14: delay();}}}
   305  07E2  120A  118A  27AD   	fcall	_delay
              120A  118A         
   306                           	line	12
   307                           	
   308  07E7                     l1747:	
   309  07E7  3001               	movlw	low(01h)
   310  07E8  07F0               	addwf	(main@i),f
   311  07E9  1803               	skipnc
   312  07EA  0AF1               	incf	(main@i+1),f
   313  07EB  3000               	movlw	high(01h)
   314  07EC  07F1               	addwf	(main@i+1),f
   315                           	
   316  07ED                     l1749:	
   317  07ED  0871               	movf	(main@i+1),w
   318  07EE  3A80               	xorlw	80h
   319  07EF  00FF               	movwf	btemp+1
   320  07F0  3080               	movlw	(high(024h))^80h
   321  07F1  027F               	subwf	btemp+1,w
   322  07F2  1D03               	skipz
   323  07F3  2FF6               	goto	u2165
   324  07F4  3024               	movlw	low(024h)
   325  07F5  0270               	subwf	(main@i),w
   326  07F6                     u2165:
   327                           
   328  07F6  1C03               	skipc
   329  07F7  2FF9               	goto	u2161
   330  07F8  2FFA               	goto	u2160
   331  07F9                     u2161:
   332  07F9  2FDE               	goto	l1743
   333  07FA                     u2160:
   334  07FA  2FCB               	goto	l1737
   335                           	
   336  07FB                     l563:	
   337  07FB  2FCB               	goto	l1737
   338                           	line	14
   339                           	
   340  07FC                     l564:	
   341                           	line	10
   342  07FC  2FCB               	goto	l1737
   343                           	
   344  07FD                     l565:	
   345                           	line	14
   346                           	
   347  07FD                     l566:	
   348                           	global	start
   349  07FD  120A  118A  2800   	ljmp	start
   350                           	opt stack 0
   351                           GLOBAL	__end_of_main
   352  0800                     	__end_of_main:
   353 ;; =============== function _main ends ============
   354                           
   355                           	signat	_main,88
   356                           	global	_delay
   357                           psect	text61,local,class=CODE,delta=2
   358                           global __ptext61
   359  07AD                     __ptext61:
   360                           
   361 ;; *************** function _delay *****************
   362 ;; Defined at:
   363 ;;		line 16 in file "D:\PIC16F877A Concepts\PWM using LED\program.c"
   364 ;; Parameters:    Size  Location     Type
   365 ;;		None
   366 ;; Auto vars:     Size  Location     Type
   367 ;;		None
   368 ;; Return value:  Size  Location     Type
   369 ;;		None               void
   370 ;; Registers used:
   371 ;;		wreg
   372 ;; Tracked objects:
   373 ;;		On entry : 0/0
   374 ;;		On exit  : 0/0
   375 ;;		Unchanged: 0/0
   376 ;; Data sizes:     COMMON   BANK0   BANK1   BANK3   BANK2
   377 ;;      Params:         0       0       0       0       0
   378 ;;      Locals:         0       0       0       0       0
   379 ;;      Temps:          0       0       0       0       0
   380 ;;      Totals:         0       0       0       0       0
   381 ;;Total ram usage:        0 bytes
   382 ;; Hardware stack levels used:    1
   383 ;; This function calls:
   384 ;;		Nothing
   385 ;; This function is called by:
   386 ;;		_main
   387 ;; This function uses a non-reentrant model
   388 ;;
   389                           psect	text61
   390                           	file	"D:\PIC16F877A Concepts\PWM using LED\program.c"
   391                           	line	16
   392                           	global	__size_of_delay
   393  000B                     	__size_of_delay	equ	__end_of_delay-_delay
   394                           	
   395  07AD                     _delay:	
   396                           	opt	stack 7
   397                           ; Regs used in _delay: [wreg]
   398                           	line	17
   399                           	
   400  07AD                     l941:	
   401                           ;program.c: 17: T2CON=0xFF;
   402  07AD  30FF               	movlw	(0FFh)
   403  07AE  1283               	bcf	status, 5	;RP0=0, select bank0
   404  07AF  1303               	bcf	status, 6	;RP1=0, select bank0
   405  07B0  0092               	movwf	(18)	;volatile
   406                           	line	18
   407                           ;program.c: 18: while(TMR2IF==0);
   408  07B1  2FB2               	goto	l569
   409                           	
   410  07B2                     l570:	
   411                           	
   412  07B2                     l569:	
   413  07B2  1C8C               	btfss	(97/8),(97)&7
   414  07B3  2FB5               	goto	u11
   415  07B4  2FB6               	goto	u10
   416  07B5                     u11:
   417  07B5  2FB2               	goto	l569
   418  07B6                     u10:
   419                           	
   420  07B6                     l571:	
   421                           	line	19
   422                           ;program.c: 19: TMR2IF=0;}
   423  07B6  108C               	bcf	(97/8),(97)&7
   424                           	
   425  07B7                     l572:	
   426  07B7  0008               	return
   427                           	opt stack 0
   428                           GLOBAL	__end_of_delay
   429  07B8                     	__end_of_delay:
   430 ;; =============== function _delay ends ============
   431                           
   432                           	signat	_delay,88
   433                           psect	text62,local,class=CODE,delta=2
   434                           global __ptext62
   435  0000                     __ptext62:
   436                           	global	btemp
   437  007E                     	btemp set 07Eh
   438                           
   439                           	DABS	1,126,2	;btemp
   440                           	global	wtemp0
   441  007E                     	wtemp0 set btemp


HI-TECH Software PICC Macro Assembler V9.80 build 6738 
Symbol Table                                                                                   Thu Apr 17 16:41:39 2025

                  u10 07B6                    u11 07B5                   l561 07CB                   l570 07B2  
                 l562 07DE                   l571 07B6                   l563 07FB                   l572 07B7  
                 l564 07FC                   l565 07FD                   l566 07FD                   l569 07B2  
                 l941 07AD                   _PR2 0092                  l1731 07BE                  l1741 07DD  
                l1733 07C2                  l1743 07DE                  l1735 07C6                  l1745 07E2  
                l1737 07CB                  l1729 07B8                  l1747 07E7                  l1739 07CF  
                l1749 07ED                  u2150 07DC                  u2151 07DB                  u2160 07FA  
                u2161 07F9                  u2155 07D8                  u2165 07F6                  _main 07B8  
                btemp 007E                  start 0000                 ?_main 0070                 _T2CON 0012  
               _PORTC 0007                 _TRISC 0087                 _delay 07AD                 main@i 0070  
               status 0003                 wtemp0 007E          __end_of_main 0800                ??_main 0070  
              ?_delay 0070                _CCPR1L 0015                _TMR2IF 0061        __pcstackCOMMON 0070  
       __end_of_delay 07B8               ??_delay 0070            __pmaintext 07B8               _CCP1CON 0017  
end_of_initialization 07A9   start_initialization 07A9        __size_of_delay 000B              __ptext60 0000  
            __ptext61 07AD              __ptext62 0000         __size_of_main 0048  
